<?xml version='1.0' encoding='UTF-8'?>
<testsuite hostname="victor" name="spinal.tester.scalatest.SpinalSimMiscTester" tests="54" errors="0" failures="53" skipped="0" time="3.125" timestamp="2021-04-10T17:49:58">
                     <properties>
[...]
</properties>
                     <testcase classname="spinal.tester.scalatest.SpinalSimMiscTester" name="ghdl_testForkSensitive" time="0.172">
                                                 <failure message="java.io.IOException: Cannot run program &quot;g++&quot; (in directory &quot;./simWorkspace/.pluginsCachePath&quot;): error=2, 没有那个文件或目录" type="sbt.ForkMain$ForkError">sbt.ForkMain$ForkError: java.io.IOException: Cannot run program &quot;g++&quot; (in directory &quot;./simWorkspace/.pluginsCachePath&quot;): error=2, 没有那个文件或目录
	at java.lang.ProcessBuilder.start(ProcessBuilder.java:1048)
	at scala.sys.process.ProcessBuilderImpl$Simple.run(ProcessBuilderImpl.scala:69)
	at scala.sys.process.ProcessBuilderImpl$AbstractBuilder.run(ProcessBuilderImpl.scala:100)
	at scala.sys.process.ProcessBuilderImpl$AbstractBuilder$$anonfun$runBuffered$1.apply(ProcessBuilderImpl.scala:148)
	at scala.sys.process.ProcessBuilderImpl$AbstractBuilder$$anonfun$runBuffered$1.apply(ProcessBuilderImpl.scala:148)
	at spinal.sim.VpiBackend$Logger.buffer(VpiBackend.scala:70)
	at scala.sys.process.ProcessBuilderImpl$AbstractBuilder.runBuffered(ProcessBuilderImpl.scala:148)
	at scala.sys.process.ProcessBuilderImpl$AbstractBuilder.$bang(ProcessBuilderImpl.scala:114)
	at spinal.sim.VpiBackend.delayed_compilation$lzycompute(VpiBackend.scala:93)
	at spinal.sim.VpiBackend.delayed_compilation(VpiBackend.scala:75)
	at spinal.sim.VpiBackend.instanciate_(VpiBackend.scala:132)
	at spinal.sim.VpiBackend.instanciate(VpiBackend.scala:155)
	at spinal.sim.VpiBackend.instanciate(VpiBackend.scala:167)
	at spinal.sim.SimVpi.&lt;init&gt;(SimVpi.scala:15)
	at spinal.core.sim.SpinalSimConfig$$anon$5.newSimRaw(SimBootstraps.scala:655)
	at spinal.core.sim.SimCompiled.doSimApi(SimBootstraps.scala:393)
	at spinal.core.sim.SimCompiled.doSim(SimBootstraps.scala:371)
	at spinal.tester.scalatest.SpinalSimMiscTester$$anonfun$5$$anonfun$apply$26$$anonfun$apply$2.apply$mcV$sp(SpinalSimMiscTester.scala:115)
	at spinal.tester.scalatest.SpinalSimMiscTester$$anonfun$5$$anonfun$apply$26$$anonfun$apply$2.apply(SpinalSimMiscTester.scala:115)
	at spinal.tester.scalatest.SpinalSimMiscTester$$anonfun$5$$anonfun$apply$26$$anonfun$apply$2.apply(SpinalSimMiscTester.scala:115)
	at org.scalatest.Transformer$$anonfun$apply$1.apply$mcV$sp(Transformer.scala:22)
	at org.scalatest.OutcomeOf$class.outcomeOf(OutcomeOf.scala:85)
	at org.scalatest.OutcomeOf$.outcomeOf(OutcomeOf.scala:104)
	at org.scalatest.Transformer.apply(Transformer.scala:22)
	at org.scalatest.Transformer.apply(Transformer.scala:20)
	at org.scalatest.FunSuiteLike$$anon$1.apply(FunSuiteLike.scala:166)
	at org.scalatest.Suite$class.withFixture(Suite.scala:1122)
	at org.scalatest.FunSuite.withFixture(FunSuite.scala:1555)
	at org.scalatest.FunSuiteLike$class.invokeWithFixture$1(FunSuiteLike.scala:163)
	at org.scalatest.FunSuiteLike$$anonfun$runTest$1.apply(FunSuiteLike.scala:175)
	at org.scalatest.FunSuiteLike$$anonfun$runTest$1.apply(FunSuiteLike.scala:175)
	at org.scalatest.SuperEngine.runTestImpl(Engine.scala:306)
	at org.scalatest.FunSuiteLike$class.runTest(FunSuiteLike.scala:175)
	at org.scalatest.FunSuite.runTest(FunSuite.scala:1555)
	at org.scalatest.FunSuiteLike$$anonfun$runTests$1.apply(FunSuiteLike.scala:208)
	at org.scalatest.FunSuiteLike$$anonfun$runTests$1.apply(FunSuiteLike.scala:208)
	at org.scalatest.SuperEngine$$anonfun$traverseSubNodes$1$1.apply(Engine.scala:413)
	at org.scalatest.SuperEngine$$anonfun$traverseSubNodes$1$1.apply(Engine.scala:401)
	at scala.collection.immutable.List.foreach(List.scala:392)
	at org.scalatest.SuperEngine.traverseSubNodes$1(Engine.scala:401)
	at org.scalatest.SuperEngine.org$scalatest$SuperEngine$$runTestsInBranch(Engine.scala:396)
	at org.scalatest.SuperEngine.runTestsImpl(Engine.scala:483)
	at org.scalatest.FunSuiteLike$class.runTests(FunSuiteLike.scala:208)
	at org.scalatest.FunSuite.runTests(FunSuite.scala:1555)
	at org.scalatest.Suite$class.run(Suite.scala:1424)
	at org.scalatest.FunSuite.org$scalatest$FunSuiteLike$$super$run(FunSuite.scala:1555)
	at org.scalatest.FunSuiteLike$$anonfun$run$1.apply(FunSuiteLike.scala:212)
	at org.scalatest.FunSuiteLike$$anonfun$run$1.apply(FunSuiteLike.scala:212)
	at org.scalatest.SuperEngine.runImpl(Engine.scala:545)
	at org.scalatest.FunSuiteLike$class.run(FunSuiteLike.scala:212)
	at org.scalatest.FunSuite.run(FunSuite.scala:1555)
	at org.scalatest.tools.Framework.org$scalatest$tools$Framework$$runSuite(Framework.scala:462)
	at org.scalatest.tools.Framework$ScalaTestTask.execute(Framework.scala:671)
	at sbt.ForkMain$Run.lambda$runTest$1(ForkMain.java:304)
	at java.util.concurrent.FutureTask.run(FutureTask.java:266)
	at java.util.concurrent.ThreadPoolExecutor.runWorker(ThreadPoolExecutor.java:1149)
	at java.util.concurrent.ThreadPoolExecutor$Worker.run(ThreadPoolExecutor.java:624)
	at java.lang.Thread.run(Thread.java:748)
Caused by: sbt.ForkMain$ForkError: java.io.IOException: error=2, 没有那个文件或目录
	at java.lang.UNIXProcess.forkAndExec(Native Method)
	at java.lang.UNIXProcess.&lt;init&gt;(UNIXProcess.java:247)
	at java.lang.ProcessImpl.start(ProcessImpl.java:134)
	at java.lang.ProcessBuilder.start(ProcessBuilder.java:1029)
	... 57 more
</failure>
                                               </testcase><testcase classname="spinal.tester.scalatest.SpinalSimMiscTester" name="ghdl_compile" time="0.13">
                                                 
                                               </testcase><testcase classname="spinal.tester.scalatest.SpinalSimMiscTester" name="ghdl_ghdl_testStd1" time="0.021">
                                                 <failure message="java.io.IOException: Cannot run program &quot;g++&quot; (in directory &quot;./simWorkspace/.pluginsCachePath&quot;): error=2, 没有那个文件或目录" type="sbt.ForkMain$ForkError">sbt.ForkMain$ForkError: java.io.IOException: Cannot run program &quot;g++&quot; (in directory &quot;./simWorkspace/.pluginsCachePath&quot;): error=2, 没有那个文件或目录
	at java.lang.ProcessBuilder.start(ProcessBuilder.java:1048)
	at scala.sys.process.ProcessBuilderImpl$Simple.run(ProcessBuilderImpl.scala:69)
	at scala.sys.process.ProcessBuilderImpl$AbstractBuilder.run(ProcessBuilderImpl.scala:100)
	at scala.sys.process.ProcessBuilderImpl$AbstractBuilder$$anonfun$runBuffered$1.apply(ProcessBuilderImpl.scala:148)
	at scala.sys.process.ProcessBuilderImpl$AbstractBuilder$$anonfun$runBuffered$1.apply(ProcessBuilderImpl.scala:148)
	at spinal.sim.VpiBackend$Logger.buffer(VpiBackend.scala:70)
	at scala.sys.process.ProcessBuilderImpl$AbstractBuilder.runBuffered(ProcessBuilderImpl.scala:148)
	at scala.sys.process.ProcessBuilderImpl$AbstractBuilder.$bang(ProcessBuilderImpl.scala:114)
	at spinal.sim.VpiBackend.delayed_compilation$lzycompute(VpiBackend.scala:93)
	at spinal.sim.VpiBackend.delayed_compilation(VpiBackend.scala:75)
	at spinal.sim.VpiBackend.instanciate_(VpiBackend.scala:132)
	at spinal.sim.VpiBackend.instanciate(VpiBackend.scala:155)
	at spinal.sim.VpiBackend.instanciate(VpiBackend.scala:167)
	at spinal.sim.SimVpi.&lt;init&gt;(SimVpi.scala:15)
	at spinal.core.sim.SpinalSimConfig$$anon$5.newSimRaw(SimBootstraps.scala:655)
	at spinal.core.sim.SimCompiled.doSimApi(SimBootstraps.scala:393)
	at spinal.core.sim.SimCompiled.doSim(SimBootstraps.scala:372)
	at spinal.tester.scalatest.SpinalSimMiscTester$$anonfun$5$$anonfun$apply$26$$anonfun$doStdtest$1$1.apply$mcV$sp(SpinalSimMiscTester.scala:138)
	at spinal.tester.scalatest.SpinalSimMiscTester$$anonfun$5$$anonfun$apply$26$$anonfun$doStdtest$1$1.apply(SpinalSimMiscTester.scala:138)
	at spinal.tester.scalatest.SpinalSimMiscTester$$anonfun$5$$anonfun$apply$26$$anonfun$doStdtest$1$1.apply(SpinalSimMiscTester.scala:138)
	at org.scalatest.Transformer$$anonfun$apply$1.apply$mcV$sp(Transformer.scala:22)
	at org.scalatest.OutcomeOf$class.outcomeOf(OutcomeOf.scala:85)
	at org.scalatest.OutcomeOf$.outcomeOf(OutcomeOf.scala:104)
	at org.scalatest.Transformer.apply(Transformer.scala:22)
	at org.scalatest.Transformer.apply(Transformer.scala:20)
	at org.scalatest.FunSuiteLike$$anon$1.apply(FunSuiteLike.scala:166)
	at org.scalatest.Suite$class.withFixture(Suite.scala:1122)
	at org.scalatest.FunSuite.withFixture(FunSuite.scala:1555)
	at org.scalatest.FunSuiteLike$class.invokeWithFixture$1(FunSuiteLike.scala:163)
	at org.scalatest.FunSuiteLike$$anonfun$runTest$1.apply(FunSuiteLike.scala:175)
	at org.scalatest.FunSuiteLike$$anonfun$runTest$1.apply(FunSuiteLike.scala:175)
	at org.scalatest.SuperEngine.runTestImpl(Engine.scala:306)
	at org.scalatest.FunSuiteLike$class.runTest(FunSuiteLike.scala:175)
	at org.scalatest.FunSuite.runTest(FunSuite.scala:1555)
	at org.scalatest.FunSuiteLike$$anonfun$runTests$1.apply(FunSuiteLike.scala:208)
	at org.scalatest.FunSuiteLike$$anonfun$runTests$1.apply(FunSuiteLike.scala:208)
	at org.scalatest.SuperEngine$$anonfun$traverseSubNodes$1$1.apply(Engine.scala:413)
	at org.scalatest.SuperEngine$$anonfun$traverseSubNodes$1$1.apply(Engine.scala:401)
	at scala.collection.immutable.List.foreach(List.scala:392)
	at org.scalatest.SuperEngine.traverseSubNodes$1(Engine.scala:401)
	at org.scalatest.SuperEngine.org$scalatest$SuperEngine$$runTestsInBranch(Engine.scala:396)
	at org.scalatest.SuperEngine.runTestsImpl(Engine.scala:483)
	at org.scalatest.FunSuiteLike$class.runTests(FunSuiteLike.scala:208)
	at org.scalatest.FunSuite.runTests(FunSuite.scala:1555)
	at org.scalatest.Suite$class.run(Suite.scala:1424)
	at org.scalatest.FunSuite.org$scalatest$FunSuiteLike$$super$run(FunSuite.scala:1555)
	at org.scalatest.FunSuiteLike$$anonfun$run$1.apply(FunSuiteLike.scala:212)
	at org.scalatest.FunSuiteLike$$anonfun$run$1.apply(FunSuiteLike.scala:212)
	at org.scalatest.SuperEngine.runImpl(Engine.scala:545)
	at org.scalatest.FunSuiteLike$class.run(FunSuiteLike.scala:212)
	at org.scalatest.FunSuite.run(FunSuite.scala:1555)
	at org.scalatest.tools.Framework.org$scalatest$tools$Framework$$runSuite(Framework.scala:462)
	at org.scalatest.tools.Framework$ScalaTestTask.execute(Framework.scala:671)
	at sbt.ForkMain$Run.lambda$runTest$1(ForkMain.java:304)
	at java.util.concurrent.FutureTask.run(FutureTask.java:266)
	at java.util.concurrent.ThreadPoolExecutor.runWorker(ThreadPoolExecutor.java:1149)
	at java.util.concurrent.ThreadPoolExecutor$Worker.run(ThreadPoolExecutor.java:624)
	at java.lang.Thread.run(Thread.java:748)
Caused by: sbt.ForkMain$ForkError: java.io.IOException: error=2, 没有那个文件或目录
	at java.lang.UNIXProcess.forkAndExec(Native Method)
	at java.lang.UNIXProcess.&lt;init&gt;(UNIXProcess.java:247)
	at java.lang.ProcessImpl.start(ProcessImpl.java:134)
	at java.lang.ProcessBuilder.start(ProcessBuilder.java:1029)
	... 57 more
</failure>
                                               </testcase><testcase classname="spinal.tester.scalatest.SpinalSimMiscTester" name="ghdl_ghdl_testStd2" time="0.072">
                                                 <failure message="java.io.IOException: Cannot run program &quot;g++&quot; (in directory &quot;./simWorkspace/.pluginsCachePath&quot;): error=2, 没有那个文件或目录" type="sbt.ForkMain$ForkError">sbt.ForkMain$ForkError: java.io.IOException: Cannot run program &quot;g++&quot; (in directory &quot;./simWorkspace/.pluginsCachePath&quot;): error=2, 没有那个文件或目录
	at java.lang.ProcessBuilder.start(ProcessBuilder.java:1048)
	at scala.sys.process.ProcessBuilderImpl$Simple.run(ProcessBuilderImpl.scala:69)
	at scala.sys.process.ProcessBuilderImpl$AbstractBuilder.run(ProcessBuilderImpl.scala:100)
	at scala.sys.process.ProcessBuilderImpl$AbstractBuilder$$anonfun$runBuffered$1.apply(ProcessBuilderImpl.scala:148)
	at scala.sys.process.ProcessBuilderImpl$AbstractBuilder$$anonfun$runBuffered$1.apply(ProcessBuilderImpl.scala:148)
	at spinal.sim.VpiBackend$Logger.buffer(VpiBackend.scala:70)
	at scala.sys.process.ProcessBuilderImpl$AbstractBuilder.runBuffered(ProcessBuilderImpl.scala:148)
	at scala.sys.process.ProcessBuilderImpl$AbstractBuilder.$bang(ProcessBuilderImpl.scala:114)
	at spinal.sim.VpiBackend.delayed_compilation$lzycompute(VpiBackend.scala:93)
	at spinal.sim.VpiBackend.delayed_compilation(VpiBackend.scala:75)
	at spinal.sim.VpiBackend.instanciate_(VpiBackend.scala:132)
	at spinal.sim.VpiBackend.instanciate(VpiBackend.scala:155)
	at spinal.sim.VpiBackend.instanciate(VpiBackend.scala:167)
	at spinal.sim.SimVpi.&lt;init&gt;(SimVpi.scala:15)
	at spinal.core.sim.SpinalSimConfig$$anon$5.newSimRaw(SimBootstraps.scala:655)
	at spinal.core.sim.SimCompiled.doSimApi(SimBootstraps.scala:393)
	at spinal.core.sim.SimCompiled.doSim(SimBootstraps.scala:372)
	at spinal.tester.scalatest.SpinalSimMiscTester$$anonfun$5$$anonfun$apply$26$$anonfun$doStdtest$1$1.apply$mcV$sp(SpinalSimMiscTester.scala:138)
	at spinal.tester.scalatest.SpinalSimMiscTester$$anonfun$5$$anonfun$apply$26$$anonfun$doStdtest$1$1.apply(SpinalSimMiscTester.scala:138)
	at spinal.tester.scalatest.SpinalSimMiscTester$$anonfun$5$$anonfun$apply$26$$anonfun$doStdtest$1$1.apply(SpinalSimMiscTester.scala:138)
	at org.scalatest.Transformer$$anonfun$apply$1.apply$mcV$sp(Transformer.scala:22)
	at org.scalatest.OutcomeOf$class.outcomeOf(OutcomeOf.scala:85)
	at org.scalatest.OutcomeOf$.outcomeOf(OutcomeOf.scala:104)
	at org.scalatest.Transformer.apply(Transformer.scala:22)
	at org.scalatest.Transformer.apply(Transformer.scala:20)
	at org.scalatest.FunSuiteLike$$anon$1.apply(FunSuiteLike.scala:166)
	at org.scalatest.Suite$class.withFixture(Suite.scala:1122)
	at org.scalatest.FunSuite.withFixture(FunSuite.scala:1555)
	at org.scalatest.FunSuiteLike$class.invokeWithFixture$1(FunSuiteLike.scala:163)
	at org.scalatest.FunSuiteLike$$anonfun$runTest$1.apply(FunSuiteLike.scala:175)
	at org.scalatest.FunSuiteLike$$anonfun$runTest$1.apply(FunSuiteLike.scala:175)
	at org.scalatest.SuperEngine.runTestImpl(Engine.scala:306)
	at org.scalatest.FunSuiteLike$class.runTest(FunSuiteLike.scala:175)
	at org.scalatest.FunSuite.runTest(FunSuite.scala:1555)
	at org.scalatest.FunSuiteLike$$anonfun$runTests$1.apply(FunSuiteLike.scala:208)
	at org.scalatest.FunSuiteLike$$anonfun$runTests$1.apply(FunSuiteLike.scala:208)
	at org.scalatest.SuperEngine$$anonfun$traverseSubNodes$1$1.apply(Engine.scala:413)
	at org.scalatest.SuperEngine$$anonfun$traverseSubNodes$1$1.apply(Engine.scala:401)
	at scala.collection.immutable.List.foreach(List.scala:392)
	at org.scalatest.SuperEngine.traverseSubNodes$1(Engine.scala:401)
	at org.scalatest.SuperEngine.org$scalatest$SuperEngine$$runTestsInBranch(Engine.scala:396)
	at org.scalatest.SuperEngine.runTestsImpl(Engine.scala:483)
	at org.scalatest.FunSuiteLike$class.runTests(FunSuiteLike.scala:208)
	at org.scalatest.FunSuite.runTests(FunSuite.scala:1555)
	at org.scalatest.Suite$class.run(Suite.scala:1424)
	at org.scalatest.FunSuite.org$scalatest$FunSuiteLike$$super$run(FunSuite.scala:1555)
	at org.scalatest.FunSuiteLike$$anonfun$run$1.apply(FunSuiteLike.scala:212)
	at org.scalatest.FunSuiteLike$$anonfun$run$1.apply(FunSuiteLike.scala:212)
	at org.scalatest.SuperEngine.runImpl(Engine.scala:545)
	at org.scalatest.FunSuiteLike$class.run(FunSuiteLike.scala:212)
	at org.scalatest.FunSuite.run(FunSuite.scala:1555)
	at org.scalatest.tools.Framework.org$scalatest$tools$Framework$$runSuite(Framework.scala:462)
	at org.scalatest.tools.Framework$ScalaTestTask.execute(Framework.scala:671)
	at sbt.ForkMain$Run.lambda$runTest$1(ForkMain.java:304)
	at java.util.concurrent.FutureTask.run(FutureTask.java:266)
	at java.util.concurrent.ThreadPoolExecutor.runWorker(ThreadPoolExecutor.java:1149)
	at java.util.concurrent.ThreadPoolExecutor$Worker.run(ThreadPoolExecutor.java:624)
	at java.lang.Thread.run(Thread.java:748)
Caused by: sbt.ForkMain$ForkError: java.io.IOException: error=2, 没有那个文件或目录
	at java.lang.UNIXProcess.forkAndExec(Native Method)
	at java.lang.UNIXProcess.&lt;init&gt;(UNIXProcess.java:247)
	at java.lang.ProcessImpl.start(ProcessImpl.java:134)
	at java.lang.ProcessBuilder.start(ProcessBuilder.java:1029)
	... 57 more
</failure>
                                               </testcase><testcase classname="spinal.tester.scalatest.SpinalSimMiscTester" name="ghdl_ghdl_testStd3" time="0.019">
                                                 <failure message="java.io.IOException: Cannot run program &quot;g++&quot; (in directory &quot;./simWorkspace/.pluginsCachePath&quot;): error=2, 没有那个文件或目录" type="sbt.ForkMain$ForkError">sbt.ForkMain$ForkError: java.io.IOException: Cannot run program &quot;g++&quot; (in directory &quot;./simWorkspace/.pluginsCachePath&quot;): error=2, 没有那个文件或目录
	at java.lang.ProcessBuilder.start(ProcessBuilder.java:1048)
	at scala.sys.process.ProcessBuilderImpl$Simple.run(ProcessBuilderImpl.scala:69)
	at scala.sys.process.ProcessBuilderImpl$AbstractBuilder.run(ProcessBuilderImpl.scala:100)
	at scala.sys.process.ProcessBuilderImpl$AbstractBuilder$$anonfun$runBuffered$1.apply(ProcessBuilderImpl.scala:148)
	at scala.sys.process.ProcessBuilderImpl$AbstractBuilder$$anonfun$runBuffered$1.apply(ProcessBuilderImpl.scala:148)
	at spinal.sim.VpiBackend$Logger.buffer(VpiBackend.scala:70)
	at scala.sys.process.ProcessBuilderImpl$AbstractBuilder.runBuffered(ProcessBuilderImpl.scala:148)
	at scala.sys.process.ProcessBuilderImpl$AbstractBuilder.$bang(ProcessBuilderImpl.scala:114)
	at spinal.sim.VpiBackend.delayed_compilation$lzycompute(VpiBackend.scala:93)
	at spinal.sim.VpiBackend.delayed_compilation(VpiBackend.scala:75)
	at spinal.sim.VpiBackend.instanciate_(VpiBackend.scala:132)
	at spinal.sim.VpiBackend.instanciate(VpiBackend.scala:155)
	at spinal.sim.VpiBackend.instanciate(VpiBackend.scala:167)
	at spinal.sim.SimVpi.&lt;init&gt;(SimVpi.scala:15)
	at spinal.core.sim.SpinalSimConfig$$anon$5.newSimRaw(SimBootstraps.scala:655)
	at spinal.core.sim.SimCompiled.doSimApi(SimBootstraps.scala:393)
	at spinal.core.sim.SimCompiled.doSim(SimBootstraps.scala:372)
	at spinal.tester.scalatest.SpinalSimMiscTester$$anonfun$5$$anonfun$apply$26$$anonfun$doStdtest$1$1.apply$mcV$sp(SpinalSimMiscTester.scala:138)
	at spinal.tester.scalatest.SpinalSimMiscTester$$anonfun$5$$anonfun$apply$26$$anonfun$doStdtest$1$1.apply(SpinalSimMiscTester.scala:138)
	at spinal.tester.scalatest.SpinalSimMiscTester$$anonfun$5$$anonfun$apply$26$$anonfun$doStdtest$1$1.apply(SpinalSimMiscTester.scala:138)
	at org.scalatest.Transformer$$anonfun$apply$1.apply$mcV$sp(Transformer.scala:22)
	at org.scalatest.OutcomeOf$class.outcomeOf(OutcomeOf.scala:85)
	at org.scalatest.OutcomeOf$.outcomeOf(OutcomeOf.scala:104)
	at org.scalatest.Transformer.apply(Transformer.scala:22)
	at org.scalatest.Transformer.apply(Transformer.scala:20)
	at org.scalatest.FunSuiteLike$$anon$1.apply(FunSuiteLike.scala:166)
	at org.scalatest.Suite$class.withFixture(Suite.scala:1122)
	at org.scalatest.FunSuite.withFixture(FunSuite.scala:1555)
	at org.scalatest.FunSuiteLike$class.invokeWithFixture$1(FunSuiteLike.scala:163)
	at org.scalatest.FunSuiteLike$$anonfun$runTest$1.apply(FunSuiteLike.scala:175)
	at org.scalatest.FunSuiteLike$$anonfun$runTest$1.apply(FunSuiteLike.scala:175)
	at org.scalatest.SuperEngine.runTestImpl(Engine.scala:306)
	at org.scalatest.FunSuiteLike$class.runTest(FunSuiteLike.scala:175)
	at org.scalatest.FunSuite.runTest(FunSuite.scala:1555)
	at org.scalatest.FunSuiteLike$$anonfun$runTests$1.apply(FunSuiteLike.scala:208)
	at org.scalatest.FunSuiteLike$$anonfun$runTests$1.apply(FunSuiteLike.scala:208)
	at org.scalatest.SuperEngine$$anonfun$traverseSubNodes$1$1.apply(Engine.scala:413)
	at org.scalatest.SuperEngine$$anonfun$traverseSubNodes$1$1.apply(Engine.scala:401)
	at scala.collection.immutable.List.foreach(List.scala:392)
	at org.scalatest.SuperEngine.traverseSubNodes$1(Engine.scala:401)
	at org.scalatest.SuperEngine.org$scalatest$SuperEngine$$runTestsInBranch(Engine.scala:396)
	at org.scalatest.SuperEngine.runTestsImpl(Engine.scala:483)
	at org.scalatest.FunSuiteLike$class.runTests(FunSuiteLike.scala:208)
	at org.scalatest.FunSuite.runTests(FunSuite.scala:1555)
	at org.scalatest.Suite$class.run(Suite.scala:1424)
	at org.scalatest.FunSuite.org$scalatest$FunSuiteLike$$super$run(FunSuite.scala:1555)
	at org.scalatest.FunSuiteLike$$anonfun$run$1.apply(FunSuiteLike.scala:212)
	at org.scalatest.FunSuiteLike$$anonfun$run$1.apply(FunSuiteLike.scala:212)
	at org.scalatest.SuperEngine.runImpl(Engine.scala:545)
	at org.scalatest.FunSuiteLike$class.run(FunSuiteLike.scala:212)
	at org.scalatest.FunSuite.run(FunSuite.scala:1555)
	at org.scalatest.tools.Framework.org$scalatest$tools$Framework$$runSuite(Framework.scala:462)
	at org.scalatest.tools.Framework$ScalaTestTask.execute(Framework.scala:671)
	at sbt.ForkMain$Run.lambda$runTest$1(ForkMain.java:304)
	at java.util.concurrent.FutureTask.run(FutureTask.java:266)
	at java.util.concurrent.ThreadPoolExecutor.runWorker(ThreadPoolExecutor.java:1149)
	at java.util.concurrent.ThreadPoolExecutor$Worker.run(ThreadPoolExecutor.java:624)
	at java.lang.Thread.run(Thread.java:748)
Caused by: sbt.ForkMain$ForkError: java.io.IOException: error=2, 没有那个文件或目录
	at java.lang.UNIXProcess.forkAndExec(Native Method)
	at java.lang.UNIXProcess.&lt;init&gt;(UNIXProcess.java:247)
	at java.lang.ProcessImpl.start(ProcessImpl.java:134)
	at java.lang.ProcessBuilder.start(ProcessBuilder.java:1029)
	... 57 more
</failure>
                                               </testcase><testcase classname="spinal.tester.scalatest.SpinalSimMiscTester" name="ghdl_testStd4" time="0.058">
                                                 <failure message="java.io.IOException: Cannot run program &quot;g++&quot; (in directory &quot;./simWorkspace/.pluginsCachePath&quot;): error=2, 没有那个文件或目录" type="sbt.ForkMain$ForkError">sbt.ForkMain$ForkError: java.io.IOException: Cannot run program &quot;g++&quot; (in directory &quot;./simWorkspace/.pluginsCachePath&quot;): error=2, 没有那个文件或目录
	at java.lang.ProcessBuilder.start(ProcessBuilder.java:1048)
	at scala.sys.process.ProcessBuilderImpl$Simple.run(ProcessBuilderImpl.scala:69)
	at scala.sys.process.ProcessBuilderImpl$AbstractBuilder.run(ProcessBuilderImpl.scala:100)
	at scala.sys.process.ProcessBuilderImpl$AbstractBuilder$$anonfun$runBuffered$1.apply(ProcessBuilderImpl.scala:148)
	at scala.sys.process.ProcessBuilderImpl$AbstractBuilder$$anonfun$runBuffered$1.apply(ProcessBuilderImpl.scala:148)
	at spinal.sim.VpiBackend$Logger.buffer(VpiBackend.scala:70)
	at scala.sys.process.ProcessBuilderImpl$AbstractBuilder.runBuffered(ProcessBuilderImpl.scala:148)
	at scala.sys.process.ProcessBuilderImpl$AbstractBuilder.$bang(ProcessBuilderImpl.scala:114)
	at spinal.sim.VpiBackend.delayed_compilation$lzycompute(VpiBackend.scala:93)
	at spinal.sim.VpiBackend.delayed_compilation(VpiBackend.scala:75)
	at spinal.sim.VpiBackend.instanciate_(VpiBackend.scala:132)
	at spinal.sim.VpiBackend.instanciate(VpiBackend.scala:155)
	at spinal.sim.VpiBackend.instanciate(VpiBackend.scala:167)
	at spinal.sim.SimVpi.&lt;init&gt;(SimVpi.scala:15)
	at spinal.core.sim.SpinalSimConfig$$anon$5.newSimRaw(SimBootstraps.scala:655)
	at spinal.core.sim.SimCompiled.doSimApi(SimBootstraps.scala:393)
	at spinal.core.sim.SimCompiled.doSim(SimBootstraps.scala:371)
	at spinal.tester.scalatest.SpinalSimMiscTester$$anonfun$5$$anonfun$apply$26$$anonfun$doStdTestUnnamed$1$1.apply$mcV$sp(SpinalSimMiscTester.scala:156)
	at spinal.tester.scalatest.SpinalSimMiscTester$$anonfun$5$$anonfun$apply$26$$anonfun$doStdTestUnnamed$1$1.apply(SpinalSimMiscTester.scala:156)
	at spinal.tester.scalatest.SpinalSimMiscTester$$anonfun$5$$anonfun$apply$26$$anonfun$doStdTestUnnamed$1$1.apply(SpinalSimMiscTester.scala:156)
	at org.scalatest.Transformer$$anonfun$apply$1.apply$mcV$sp(Transformer.scala:22)
	at org.scalatest.OutcomeOf$class.outcomeOf(OutcomeOf.scala:85)
	at org.scalatest.OutcomeOf$.outcomeOf(OutcomeOf.scala:104)
	at org.scalatest.Transformer.apply(Transformer.scala:22)
	at org.scalatest.Transformer.apply(Transformer.scala:20)
	at org.scalatest.FunSuiteLike$$anon$1.apply(FunSuiteLike.scala:166)
	at org.scalatest.Suite$class.withFixture(Suite.scala:1122)
	at org.scalatest.FunSuite.withFixture(FunSuite.scala:1555)
	at org.scalatest.FunSuiteLike$class.invokeWithFixture$1(FunSuiteLike.scala:163)
	at org.scalatest.FunSuiteLike$$anonfun$runTest$1.apply(FunSuiteLike.scala:175)
	at org.scalatest.FunSuiteLike$$anonfun$runTest$1.apply(FunSuiteLike.scala:175)
	at org.scalatest.SuperEngine.runTestImpl(Engine.scala:306)
	at org.scalatest.FunSuiteLike$class.runTest(FunSuiteLike.scala:175)
	at org.scalatest.FunSuite.runTest(FunSuite.scala:1555)
	at org.scalatest.FunSuiteLike$$anonfun$runTests$1.apply(FunSuiteLike.scala:208)
	at org.scalatest.FunSuiteLike$$anonfun$runTests$1.apply(FunSuiteLike.scala:208)
	at org.scalatest.SuperEngine$$anonfun$traverseSubNodes$1$1.apply(Engine.scala:413)
	at org.scalatest.SuperEngine$$anonfun$traverseSubNodes$1$1.apply(Engine.scala:401)
	at scala.collection.immutable.List.foreach(List.scala:392)
	at org.scalatest.SuperEngine.traverseSubNodes$1(Engine.scala:401)
	at org.scalatest.SuperEngine.org$scalatest$SuperEngine$$runTestsInBranch(Engine.scala:396)
	at org.scalatest.SuperEngine.runTestsImpl(Engine.scala:483)
	at org.scalatest.FunSuiteLike$class.runTests(FunSuiteLike.scala:208)
	at org.scalatest.FunSuite.runTests(FunSuite.scala:1555)
	at org.scalatest.Suite$class.run(Suite.scala:1424)
	at org.scalatest.FunSuite.org$scalatest$FunSuiteLike$$super$run(FunSuite.scala:1555)
	at org.scalatest.FunSuiteLike$$anonfun$run$1.apply(FunSuiteLike.scala:212)
	at org.scalatest.FunSuiteLike$$anonfun$run$1.apply(FunSuiteLike.scala:212)
	at org.scalatest.SuperEngine.runImpl(Engine.scala:545)
	at org.scalatest.FunSuiteLike$class.run(FunSuiteLike.scala:212)
	at org.scalatest.FunSuite.run(FunSuite.scala:1555)
	at org.scalatest.tools.Framework.org$scalatest$tools$Framework$$runSuite(Framework.scala:462)
	at org.scalatest.tools.Framework$ScalaTestTask.execute(Framework.scala:671)
	at sbt.ForkMain$Run.lambda$runTest$1(ForkMain.java:304)
	at java.util.concurrent.FutureTask.run(FutureTask.java:266)
	at java.util.concurrent.ThreadPoolExecutor.runWorker(ThreadPoolExecutor.java:1149)
	at java.util.concurrent.ThreadPoolExecutor$Worker.run(ThreadPoolExecutor.java:624)
	at java.lang.Thread.run(Thread.java:748)
Caused by: sbt.ForkMain$ForkError: java.io.IOException: error=2, 没有那个文件或目录
	at java.lang.UNIXProcess.forkAndExec(Native Method)
	at java.lang.UNIXProcess.&lt;init&gt;(UNIXProcess.java:247)
	at java.lang.ProcessImpl.start(ProcessImpl.java:134)
	at java.lang.ProcessBuilder.start(ProcessBuilder.java:1029)
	... 57 more
</failure>
                                               </testcase><testcase classname="spinal.tester.scalatest.SpinalSimMiscTester" name="ghdl_testStd5" time="0.074">
                                                 <failure message="java.io.IOException: Cannot run program &quot;g++&quot; (in directory &quot;./simWorkspace/.pluginsCachePath&quot;): error=2, 没有那个文件或目录" type="sbt.ForkMain$ForkError">sbt.ForkMain$ForkError: java.io.IOException: Cannot run program &quot;g++&quot; (in directory &quot;./simWorkspace/.pluginsCachePath&quot;): error=2, 没有那个文件或目录
	at java.lang.ProcessBuilder.start(ProcessBuilder.java:1048)
	at scala.sys.process.ProcessBuilderImpl$Simple.run(ProcessBuilderImpl.scala:69)
	at scala.sys.process.ProcessBuilderImpl$AbstractBuilder.run(ProcessBuilderImpl.scala:100)
	at scala.sys.process.ProcessBuilderImpl$AbstractBuilder$$anonfun$runBuffered$1.apply(ProcessBuilderImpl.scala:148)
	at scala.sys.process.ProcessBuilderImpl$AbstractBuilder$$anonfun$runBuffered$1.apply(ProcessBuilderImpl.scala:148)
	at spinal.sim.VpiBackend$Logger.buffer(VpiBackend.scala:70)
	at scala.sys.process.ProcessBuilderImpl$AbstractBuilder.runBuffered(ProcessBuilderImpl.scala:148)
	at scala.sys.process.ProcessBuilderImpl$AbstractBuilder.$bang(ProcessBuilderImpl.scala:114)
	at spinal.sim.VpiBackend.delayed_compilation$lzycompute(VpiBackend.scala:93)
	at spinal.sim.VpiBackend.delayed_compilation(VpiBackend.scala:75)
	at spinal.sim.VpiBackend.instanciate_(VpiBackend.scala:132)
	at spinal.sim.VpiBackend.instanciate(VpiBackend.scala:155)
	at spinal.sim.VpiBackend.instanciate(VpiBackend.scala:167)
	at spinal.sim.SimVpi.&lt;init&gt;(SimVpi.scala:15)
	at spinal.core.sim.SpinalSimConfig$$anon$5.newSimRaw(SimBootstraps.scala:655)
	at spinal.core.sim.SimCompiled.doSimApi(SimBootstraps.scala:393)
	at spinal.core.sim.SimCompiled.doSim(SimBootstraps.scala:371)
	at spinal.tester.scalatest.SpinalSimMiscTester$$anonfun$5$$anonfun$apply$26$$anonfun$doStdTestUnnamed$1$1.apply$mcV$sp(SpinalSimMiscTester.scala:156)
	at spinal.tester.scalatest.SpinalSimMiscTester$$anonfun$5$$anonfun$apply$26$$anonfun$doStdTestUnnamed$1$1.apply(SpinalSimMiscTester.scala:156)
	at spinal.tester.scalatest.SpinalSimMiscTester$$anonfun$5$$anonfun$apply$26$$anonfun$doStdTestUnnamed$1$1.apply(SpinalSimMiscTester.scala:156)
	at org.scalatest.Transformer$$anonfun$apply$1.apply$mcV$sp(Transformer.scala:22)
	at org.scalatest.OutcomeOf$class.outcomeOf(OutcomeOf.scala:85)
	at org.scalatest.OutcomeOf$.outcomeOf(OutcomeOf.scala:104)
	at org.scalatest.Transformer.apply(Transformer.scala:22)
	at org.scalatest.Transformer.apply(Transformer.scala:20)
	at org.scalatest.FunSuiteLike$$anon$1.apply(FunSuiteLike.scala:166)
	at org.scalatest.Suite$class.withFixture(Suite.scala:1122)
	at org.scalatest.FunSuite.withFixture(FunSuite.scala:1555)
	at org.scalatest.FunSuiteLike$class.invokeWithFixture$1(FunSuiteLike.scala:163)
	at org.scalatest.FunSuiteLike$$anonfun$runTest$1.apply(FunSuiteLike.scala:175)
	at org.scalatest.FunSuiteLike$$anonfun$runTest$1.apply(FunSuiteLike.scala:175)
	at org.scalatest.SuperEngine.runTestImpl(Engine.scala:306)
	at org.scalatest.FunSuiteLike$class.runTest(FunSuiteLike.scala:175)
	at org.scalatest.FunSuite.runTest(FunSuite.scala:1555)
	at org.scalatest.FunSuiteLike$$anonfun$runTests$1.apply(FunSuiteLike.scala:208)
	at org.scalatest.FunSuiteLike$$anonfun$runTests$1.apply(FunSuiteLike.scala:208)
	at org.scalatest.SuperEngine$$anonfun$traverseSubNodes$1$1.apply(Engine.scala:413)
	at org.scalatest.SuperEngine$$anonfun$traverseSubNodes$1$1.apply(Engine.scala:401)
	at scala.collection.immutable.List.foreach(List.scala:392)
	at org.scalatest.SuperEngine.traverseSubNodes$1(Engine.scala:401)
	at org.scalatest.SuperEngine.org$scalatest$SuperEngine$$runTestsInBranch(Engine.scala:396)
	at org.scalatest.SuperEngine.runTestsImpl(Engine.scala:483)
	at org.scalatest.FunSuiteLike$class.runTests(FunSuiteLike.scala:208)
	at org.scalatest.FunSuite.runTests(FunSuite.scala:1555)
	at org.scalatest.Suite$class.run(Suite.scala:1424)
	at org.scalatest.FunSuite.org$scalatest$FunSuiteLike$$super$run(FunSuite.scala:1555)
	at org.scalatest.FunSuiteLike$$anonfun$run$1.apply(FunSuiteLike.scala:212)
	at org.scalatest.FunSuiteLike$$anonfun$run$1.apply(FunSuiteLike.scala:212)
	at org.scalatest.SuperEngine.runImpl(Engine.scala:545)
	at org.scalatest.FunSuiteLike$class.run(FunSuiteLike.scala:212)
	at org.scalatest.FunSuite.run(FunSuite.scala:1555)
	at org.scalatest.tools.Framework.org$scalatest$tools$Framework$$runSuite(Framework.scala:462)
	at org.scalatest.tools.Framework$ScalaTestTask.execute(Framework.scala:671)
	at sbt.ForkMain$Run.lambda$runTest$1(ForkMain.java:304)
	at java.util.concurrent.FutureTask.run(FutureTask.java:266)
	at java.util.concurrent.ThreadPoolExecutor.runWorker(ThreadPoolExecutor.java:1149)
	at java.util.concurrent.ThreadPoolExecutor$Worker.run(ThreadPoolExecutor.java:624)
	at java.lang.Thread.run(Thread.java:748)
Caused by: sbt.ForkMain$ForkError: java.io.IOException: error=2, 没有那个文件或目录
	at java.lang.UNIXProcess.forkAndExec(Native Method)
	at java.lang.UNIXProcess.&lt;init&gt;(UNIXProcess.java:247)
	at java.lang.ProcessImpl.start(ProcessImpl.java:134)
	at java.lang.ProcessBuilder.start(ProcessBuilder.java:1029)
	... 57 more
</failure>
                                               </testcase><testcase classname="spinal.tester.scalatest.SpinalSimMiscTester" name="ghdl_testStd6" time="0.004">
                                                 <failure message="java.io.IOException: Cannot run program &quot;g++&quot; (in directory &quot;./simWorkspace/.pluginsCachePath&quot;): error=2, 没有那个文件或目录" type="sbt.ForkMain$ForkError">sbt.ForkMain$ForkError: java.io.IOException: Cannot run program &quot;g++&quot; (in directory &quot;./simWorkspace/.pluginsCachePath&quot;): error=2, 没有那个文件或目录
	at java.lang.ProcessBuilder.start(ProcessBuilder.java:1048)
	at scala.sys.process.ProcessBuilderImpl$Simple.run(ProcessBuilderImpl.scala:69)
	at scala.sys.process.ProcessBuilderImpl$AbstractBuilder.run(ProcessBuilderImpl.scala:100)
	at scala.sys.process.ProcessBuilderImpl$AbstractBuilder$$anonfun$runBuffered$1.apply(ProcessBuilderImpl.scala:148)
	at scala.sys.process.ProcessBuilderImpl$AbstractBuilder$$anonfun$runBuffered$1.apply(ProcessBuilderImpl.scala:148)
	at spinal.sim.VpiBackend$Logger.buffer(VpiBackend.scala:70)
	at scala.sys.process.ProcessBuilderImpl$AbstractBuilder.runBuffered(ProcessBuilderImpl.scala:148)
	at scala.sys.process.ProcessBuilderImpl$AbstractBuilder.$bang(ProcessBuilderImpl.scala:114)
	at spinal.sim.VpiBackend.delayed_compilation$lzycompute(VpiBackend.scala:93)
	at spinal.sim.VpiBackend.delayed_compilation(VpiBackend.scala:75)
	at spinal.sim.VpiBackend.instanciate_(VpiBackend.scala:132)
	at spinal.sim.VpiBackend.instanciate(VpiBackend.scala:155)
	at spinal.sim.VpiBackend.instanciate(VpiBackend.scala:167)
	at spinal.sim.SimVpi.&lt;init&gt;(SimVpi.scala:15)
	at spinal.core.sim.SpinalSimConfig$$anon$5.newSimRaw(SimBootstraps.scala:655)
	at spinal.core.sim.SimCompiled.doSimApi(SimBootstraps.scala:393)
	at spinal.core.sim.SimCompiled.doSim(SimBootstraps.scala:371)
	at spinal.tester.scalatest.SpinalSimMiscTester$$anonfun$5$$anonfun$apply$26$$anonfun$doStdTestUnnamed$1$1.apply$mcV$sp(SpinalSimMiscTester.scala:156)
	at spinal.tester.scalatest.SpinalSimMiscTester$$anonfun$5$$anonfun$apply$26$$anonfun$doStdTestUnnamed$1$1.apply(SpinalSimMiscTester.scala:156)
	at spinal.tester.scalatest.SpinalSimMiscTester$$anonfun$5$$anonfun$apply$26$$anonfun$doStdTestUnnamed$1$1.apply(SpinalSimMiscTester.scala:156)
	at org.scalatest.Transformer$$anonfun$apply$1.apply$mcV$sp(Transformer.scala:22)
	at org.scalatest.OutcomeOf$class.outcomeOf(OutcomeOf.scala:85)
	at org.scalatest.OutcomeOf$.outcomeOf(OutcomeOf.scala:104)
	at org.scalatest.Transformer.apply(Transformer.scala:22)
	at org.scalatest.Transformer.apply(Transformer.scala:20)
	at org.scalatest.FunSuiteLike$$anon$1.apply(FunSuiteLike.scala:166)
	at org.scalatest.Suite$class.withFixture(Suite.scala:1122)
	at org.scalatest.FunSuite.withFixture(FunSuite.scala:1555)
	at org.scalatest.FunSuiteLike$class.invokeWithFixture$1(FunSuiteLike.scala:163)
	at org.scalatest.FunSuiteLike$$anonfun$runTest$1.apply(FunSuiteLike.scala:175)
	at org.scalatest.FunSuiteLike$$anonfun$runTest$1.apply(FunSuiteLike.scala:175)
	at org.scalatest.SuperEngine.runTestImpl(Engine.scala:306)
	at org.scalatest.FunSuiteLike$class.runTest(FunSuiteLike.scala:175)
	at org.scalatest.FunSuite.runTest(FunSuite.scala:1555)
	at org.scalatest.FunSuiteLike$$anonfun$runTests$1.apply(FunSuiteLike.scala:208)
	at org.scalatest.FunSuiteLike$$anonfun$runTests$1.apply(FunSuiteLike.scala:208)
	at org.scalatest.SuperEngine$$anonfun$traverseSubNodes$1$1.apply(Engine.scala:413)
	at org.scalatest.SuperEngine$$anonfun$traverseSubNodes$1$1.apply(Engine.scala:401)
	at scala.collection.immutable.List.foreach(List.scala:392)
	at org.scalatest.SuperEngine.traverseSubNodes$1(Engine.scala:401)
	at org.scalatest.SuperEngine.org$scalatest$SuperEngine$$runTestsInBranch(Engine.scala:396)
	at org.scalatest.SuperEngine.runTestsImpl(Engine.scala:483)
	at org.scalatest.FunSuiteLike$class.runTests(FunSuiteLike.scala:208)
	at org.scalatest.FunSuite.runTests(FunSuite.scala:1555)
	at org.scalatest.Suite$class.run(Suite.scala:1424)
	at org.scalatest.FunSuite.org$scalatest$FunSuiteLike$$super$run(FunSuite.scala:1555)
	at org.scalatest.FunSuiteLike$$anonfun$run$1.apply(FunSuiteLike.scala:212)
	at org.scalatest.FunSuiteLike$$anonfun$run$1.apply(FunSuiteLike.scala:212)
	at org.scalatest.SuperEngine.runImpl(Engine.scala:545)
	at org.scalatest.FunSuiteLike$class.run(FunSuiteLike.scala:212)
	at org.scalatest.FunSuite.run(FunSuite.scala:1555)
	at org.scalatest.tools.Framework.org$scalatest$tools$Framework$$runSuite(Framework.scala:462)
	at org.scalatest.tools.Framework$ScalaTestTask.execute(Framework.scala:671)
	at sbt.ForkMain$Run.lambda$runTest$1(ForkMain.java:304)
	at java.util.concurrent.FutureTask.run(FutureTask.java:266)
	at java.util.concurrent.ThreadPoolExecutor.runWorker(ThreadPoolExecutor.java:1149)
	at java.util.concurrent.ThreadPoolExecutor$Worker.run(ThreadPoolExecutor.java:624)
	at java.lang.Thread.run(Thread.java:748)
Caused by: sbt.ForkMain$ForkError: java.io.IOException: error=2, 没有那个文件或目录
	at java.lang.UNIXProcess.forkAndExec(Native Method)
	at java.lang.UNIXProcess.&lt;init&gt;(UNIXProcess.java:247)
	at java.lang.ProcessImpl.start(ProcessImpl.java:134)
	at java.lang.ProcessBuilder.start(ProcessBuilder.java:1029)
	... 57 more
</failure>
                                               </testcase><testcase classname="spinal.tester.scalatest.SpinalSimMiscTester" name="ghdl_testSimSuccess" time="0.033">
                                                 <failure message="java.io.IOException: Cannot run program &quot;g++&quot; (in directory &quot;./simWorkspace/.pluginsCachePath&quot;): error=2, 没有那个文件或目录" type="sbt.ForkMain$ForkError">sbt.ForkMain$ForkError: java.io.IOException: Cannot run program &quot;g++&quot; (in directory &quot;./simWorkspace/.pluginsCachePath&quot;): error=2, 没有那个文件或目录
	at java.lang.ProcessBuilder.start(ProcessBuilder.java:1048)
	at scala.sys.process.ProcessBuilderImpl$Simple.run(ProcessBuilderImpl.scala:69)
	at scala.sys.process.ProcessBuilderImpl$AbstractBuilder.run(ProcessBuilderImpl.scala:100)
	at scala.sys.process.ProcessBuilderImpl$AbstractBuilder$$anonfun$runBuffered$1.apply(ProcessBuilderImpl.scala:148)
	at scala.sys.process.ProcessBuilderImpl$AbstractBuilder$$anonfun$runBuffered$1.apply(ProcessBuilderImpl.scala:148)
	at spinal.sim.VpiBackend$Logger.buffer(VpiBackend.scala:70)
	at scala.sys.process.ProcessBuilderImpl$AbstractBuilder.runBuffered(ProcessBuilderImpl.scala:148)
	at scala.sys.process.ProcessBuilderImpl$AbstractBuilder.$bang(ProcessBuilderImpl.scala:114)
	at spinal.sim.VpiBackend.delayed_compilation$lzycompute(VpiBackend.scala:93)
	at spinal.sim.VpiBackend.delayed_compilation(VpiBackend.scala:75)
	at spinal.sim.VpiBackend.instanciate_(VpiBackend.scala:132)
	at spinal.sim.VpiBackend.instanciate(VpiBackend.scala:155)
	at spinal.sim.VpiBackend.instanciate(VpiBackend.scala:167)
	at spinal.sim.SimVpi.&lt;init&gt;(SimVpi.scala:15)
	at spinal.core.sim.SpinalSimConfig$$anon$5.newSimRaw(SimBootstraps.scala:655)
	at spinal.core.sim.SimCompiled.doSimApi(SimBootstraps.scala:393)
	at spinal.core.sim.SimCompiled.doSim(SimBootstraps.scala:371)
	at spinal.tester.scalatest.SpinalSimMiscTester$$anonfun$5$$anonfun$apply$26$$anonfun$apply$7.apply$mcV$sp(SpinalSimMiscTester.scala:181)
	at spinal.tester.scalatest.SpinalSimMiscTester$$anonfun$5$$anonfun$apply$26$$anonfun$apply$7.apply(SpinalSimMiscTester.scala:181)
	at spinal.tester.scalatest.SpinalSimMiscTester$$anonfun$5$$anonfun$apply$26$$anonfun$apply$7.apply(SpinalSimMiscTester.scala:181)
	at org.scalatest.Transformer$$anonfun$apply$1.apply$mcV$sp(Transformer.scala:22)
	at org.scalatest.OutcomeOf$class.outcomeOf(OutcomeOf.scala:85)
	at org.scalatest.OutcomeOf$.outcomeOf(OutcomeOf.scala:104)
	at org.scalatest.Transformer.apply(Transformer.scala:22)
	at org.scalatest.Transformer.apply(Transformer.scala:20)
	at org.scalatest.FunSuiteLike$$anon$1.apply(FunSuiteLike.scala:166)
	at org.scalatest.Suite$class.withFixture(Suite.scala:1122)
	at org.scalatest.FunSuite.withFixture(FunSuite.scala:1555)
	at org.scalatest.FunSuiteLike$class.invokeWithFixture$1(FunSuiteLike.scala:163)
	at org.scalatest.FunSuiteLike$$anonfun$runTest$1.apply(FunSuiteLike.scala:175)
	at org.scalatest.FunSuiteLike$$anonfun$runTest$1.apply(FunSuiteLike.scala:175)
	at org.scalatest.SuperEngine.runTestImpl(Engine.scala:306)
	at org.scalatest.FunSuiteLike$class.runTest(FunSuiteLike.scala:175)
	at org.scalatest.FunSuite.runTest(FunSuite.scala:1555)
	at org.scalatest.FunSuiteLike$$anonfun$runTests$1.apply(FunSuiteLike.scala:208)
	at org.scalatest.FunSuiteLike$$anonfun$runTests$1.apply(FunSuiteLike.scala:208)
	at org.scalatest.SuperEngine$$anonfun$traverseSubNodes$1$1.apply(Engine.scala:413)
	at org.scalatest.SuperEngine$$anonfun$traverseSubNodes$1$1.apply(Engine.scala:401)
	at scala.collection.immutable.List.foreach(List.scala:392)
	at org.scalatest.SuperEngine.traverseSubNodes$1(Engine.scala:401)
	at org.scalatest.SuperEngine.org$scalatest$SuperEngine$$runTestsInBranch(Engine.scala:396)
	at org.scalatest.SuperEngine.runTestsImpl(Engine.scala:483)
	at org.scalatest.FunSuiteLike$class.runTests(FunSuiteLike.scala:208)
	at org.scalatest.FunSuite.runTests(FunSuite.scala:1555)
	at org.scalatest.Suite$class.run(Suite.scala:1424)
	at org.scalatest.FunSuite.org$scalatest$FunSuiteLike$$super$run(FunSuite.scala:1555)
	at org.scalatest.FunSuiteLike$$anonfun$run$1.apply(FunSuiteLike.scala:212)
	at org.scalatest.FunSuiteLike$$anonfun$run$1.apply(FunSuiteLike.scala:212)
	at org.scalatest.SuperEngine.runImpl(Engine.scala:545)
	at org.scalatest.FunSuiteLike$class.run(FunSuiteLike.scala:212)
	at org.scalatest.FunSuite.run(FunSuite.scala:1555)
	at org.scalatest.tools.Framework.org$scalatest$tools$Framework$$runSuite(Framework.scala:462)
	at org.scalatest.tools.Framework$ScalaTestTask.execute(Framework.scala:671)
	at sbt.ForkMain$Run.lambda$runTest$1(ForkMain.java:304)
	at java.util.concurrent.FutureTask.run(FutureTask.java:266)
	at java.util.concurrent.ThreadPoolExecutor.runWorker(ThreadPoolExecutor.java:1149)
	at java.util.concurrent.ThreadPoolExecutor$Worker.run(ThreadPoolExecutor.java:624)
	at java.lang.Thread.run(Thread.java:748)
Caused by: sbt.ForkMain$ForkError: java.io.IOException: error=2, 没有那个文件或目录
	at java.lang.UNIXProcess.forkAndExec(Native Method)
	at java.lang.UNIXProcess.&lt;init&gt;(UNIXProcess.java:247)
	at java.lang.ProcessImpl.start(ProcessImpl.java:134)
	at java.lang.ProcessBuilder.start(ProcessBuilder.java:1029)
	... 57 more
</failure>
                                               </testcase><testcase classname="spinal.tester.scalatest.SpinalSimMiscTester" name="ghdl_testSimFailure" time="0.036">
                                                 <failure message="org.scalatest.exceptions.TestFailedException: Expected exception spinal.sim.SimFailure to be thrown, but java.io.IOException was thrown." type="sbt.ForkMain$ForkError">sbt.ForkMain$ForkError: org.scalatest.exceptions.TestFailedException: Expected exception spinal.sim.SimFailure to be thrown, but java.io.IOException was thrown.
	at org.scalatest.Assertions$class.newAssertionFailedException(Assertions.scala:496)
	at org.scalatest.FunSuite.newAssertionFailedException(FunSuite.scala:1555)
	at org.scalatest.Assertions$class.intercept(Assertions.scala:1004)
	at org.scalatest.FunSuite.intercept(FunSuite.scala:1555)
	at spinal.tester.scalatest.SpinalSimMiscTester$$anonfun$5$$anonfun$apply$26$$anonfun$apply$8.apply$mcV$sp(SpinalSimMiscTester.scala:201)
	at spinal.tester.scalatest.SpinalSimMiscTester$$anonfun$5$$anonfun$apply$26$$anonfun$apply$8.apply(SpinalSimMiscTester.scala:201)
	at spinal.tester.scalatest.SpinalSimMiscTester$$anonfun$5$$anonfun$apply$26$$anonfun$apply$8.apply(SpinalSimMiscTester.scala:201)
	at org.scalatest.Transformer$$anonfun$apply$1.apply$mcV$sp(Transformer.scala:22)
	at org.scalatest.OutcomeOf$class.outcomeOf(OutcomeOf.scala:85)
	at org.scalatest.OutcomeOf$.outcomeOf(OutcomeOf.scala:104)
	at org.scalatest.Transformer.apply(Transformer.scala:22)
	at org.scalatest.Transformer.apply(Transformer.scala:20)
	at org.scalatest.FunSuiteLike$$anon$1.apply(FunSuiteLike.scala:166)
	at org.scalatest.Suite$class.withFixture(Suite.scala:1122)
	at org.scalatest.FunSuite.withFixture(FunSuite.scala:1555)
	at org.scalatest.FunSuiteLike$class.invokeWithFixture$1(FunSuiteLike.scala:163)
	at org.scalatest.FunSuiteLike$$anonfun$runTest$1.apply(FunSuiteLike.scala:175)
	at org.scalatest.FunSuiteLike$$anonfun$runTest$1.apply(FunSuiteLike.scala:175)
	at org.scalatest.SuperEngine.runTestImpl(Engine.scala:306)
	at org.scalatest.FunSuiteLike$class.runTest(FunSuiteLike.scala:175)
	at org.scalatest.FunSuite.runTest(FunSuite.scala:1555)
	at org.scalatest.FunSuiteLike$$anonfun$runTests$1.apply(FunSuiteLike.scala:208)
	at org.scalatest.FunSuiteLike$$anonfun$runTests$1.apply(FunSuiteLike.scala:208)
	at org.scalatest.SuperEngine$$anonfun$traverseSubNodes$1$1.apply(Engine.scala:413)
	at org.scalatest.SuperEngine$$anonfun$traverseSubNodes$1$1.apply(Engine.scala:401)
	at scala.collection.immutable.List.foreach(List.scala:392)
	at org.scalatest.SuperEngine.traverseSubNodes$1(Engine.scala:401)
	at org.scalatest.SuperEngine.org$scalatest$SuperEngine$$runTestsInBranch(Engine.scala:396)
	at org.scalatest.SuperEngine.runTestsImpl(Engine.scala:483)
	at org.scalatest.FunSuiteLike$class.runTests(FunSuiteLike.scala:208)
	at org.scalatest.FunSuite.runTests(FunSuite.scala:1555)
	at org.scalatest.Suite$class.run(Suite.scala:1424)
	at org.scalatest.FunSuite.org$scalatest$FunSuiteLike$$super$run(FunSuite.scala:1555)
	at org.scalatest.FunSuiteLike$$anonfun$run$1.apply(FunSuiteLike.scala:212)
	at org.scalatest.FunSuiteLike$$anonfun$run$1.apply(FunSuiteLike.scala:212)
	at org.scalatest.SuperEngine.runImpl(Engine.scala:545)
	at org.scalatest.FunSuiteLike$class.run(FunSuiteLike.scala:212)
	at org.scalatest.FunSuite.run(FunSuite.scala:1555)
	at org.scalatest.tools.Framework.org$scalatest$tools$Framework$$runSuite(Framework.scala:462)
	at org.scalatest.tools.Framework$ScalaTestTask.execute(Framework.scala:671)
	at sbt.ForkMain$Run.lambda$runTest$1(ForkMain.java:304)
	at java.util.concurrent.FutureTask.run(FutureTask.java:266)
	at java.util.concurrent.ThreadPoolExecutor.runWorker(ThreadPoolExecutor.java:1149)
	at java.util.concurrent.ThreadPoolExecutor$Worker.run(ThreadPoolExecutor.java:624)
	at java.lang.Thread.run(Thread.java:748)
Caused by: sbt.ForkMain$ForkError: java.io.IOException: Cannot run program &quot;g++&quot; (in directory &quot;./simWorkspace/.pluginsCachePath&quot;): error=2, 没有那个文件或目录
	at java.lang.ProcessBuilder.start(ProcessBuilder.java:1048)
	at scala.sys.process.ProcessBuilderImpl$Simple.run(ProcessBuilderImpl.scala:69)
	at scala.sys.process.ProcessBuilderImpl$AbstractBuilder.run(ProcessBuilderImpl.scala:100)
	at scala.sys.process.ProcessBuilderImpl$AbstractBuilder$$anonfun$runBuffered$1.apply(ProcessBuilderImpl.scala:148)
	at scala.sys.process.ProcessBuilderImpl$AbstractBuilder$$anonfun$runBuffered$1.apply(ProcessBuilderImpl.scala:148)
	at spinal.sim.VpiBackend$Logger.buffer(VpiBackend.scala:70)
	at scala.sys.process.ProcessBuilderImpl$AbstractBuilder.runBuffered(ProcessBuilderImpl.scala:148)
	at scala.sys.process.ProcessBuilderImpl$AbstractBuilder.$bang(ProcessBuilderImpl.scala:114)
	at spinal.sim.VpiBackend.delayed_compilation$lzycompute(VpiBackend.scala:93)
	at spinal.sim.VpiBackend.delayed_compilation(VpiBackend.scala:75)
	at spinal.sim.VpiBackend.instanciate_(VpiBackend.scala:132)
	at spinal.sim.VpiBackend.instanciate(VpiBackend.scala:155)
	at spinal.sim.VpiBackend.instanciate(VpiBackend.scala:167)
	at spinal.sim.SimVpi.&lt;init&gt;(SimVpi.scala:15)
	at spinal.core.sim.SpinalSimConfig$$anon$5.newSimRaw(SimBootstraps.scala:655)
	at spinal.core.sim.SimCompiled.doSimApi(SimBootstraps.scala:393)
	at spinal.core.sim.SimCompiled.doSim(SimBootstraps.scala:371)
	at spinal.tester.scalatest.SpinalSimMiscTester$$anonfun$5$$anonfun$apply$26$$anonfun$apply$8$$anonfun$apply$mcV$sp$1.apply$mcV$sp(SpinalSimMiscTester.scala:202)
	at spinal.tester.scalatest.SpinalSimMiscTester$$anonfun$5$$anonfun$apply$26$$anonfun$apply$8$$anonfun$apply$mcV$sp$1.apply(SpinalSimMiscTester.scala:202)
	at spinal.tester.scalatest.SpinalSimMiscTester$$anonfun$5$$anonfun$apply$26$$anonfun$apply$8$$anonfun$apply$mcV$sp$1.apply(SpinalSimMiscTester.scala:202)
	at org.scalatest.Assertions$class.intercept(Assertions.scala:997)
	... 42 more
Caused by: sbt.ForkMain$ForkError: java.io.IOException: error=2, 没有那个文件或目录
	at java.lang.UNIXProcess.forkAndExec(Native Method)
	at java.lang.UNIXProcess.&lt;init&gt;(UNIXProcess.java:247)
	at java.lang.ProcessImpl.start(ProcessImpl.java:134)
	at java.lang.ProcessBuilder.start(ProcessBuilder.java:1029)
	... 62 more
</failure>
                                               </testcase><testcase classname="spinal.tester.scalatest.SpinalSimMiscTester" name="ghdl_testWaitSampling" time="0.043">
                                                 <failure message="java.io.IOException: Cannot run program &quot;g++&quot; (in directory &quot;./simWorkspace/.pluginsCachePath&quot;): error=2, 没有那个文件或目录" type="sbt.ForkMain$ForkError">sbt.ForkMain$ForkError: java.io.IOException: Cannot run program &quot;g++&quot; (in directory &quot;./simWorkspace/.pluginsCachePath&quot;): error=2, 没有那个文件或目录
	at java.lang.ProcessBuilder.start(ProcessBuilder.java:1048)
	at scala.sys.process.ProcessBuilderImpl$Simple.run(ProcessBuilderImpl.scala:69)
	at scala.sys.process.ProcessBuilderImpl$AbstractBuilder.run(ProcessBuilderImpl.scala:100)
	at scala.sys.process.ProcessBuilderImpl$AbstractBuilder$$anonfun$runBuffered$1.apply(ProcessBuilderImpl.scala:148)
	at scala.sys.process.ProcessBuilderImpl$AbstractBuilder$$anonfun$runBuffered$1.apply(ProcessBuilderImpl.scala:148)
	at spinal.sim.VpiBackend$Logger.buffer(VpiBackend.scala:70)
	at scala.sys.process.ProcessBuilderImpl$AbstractBuilder.runBuffered(ProcessBuilderImpl.scala:148)
	at scala.sys.process.ProcessBuilderImpl$AbstractBuilder.$bang(ProcessBuilderImpl.scala:114)
	at spinal.sim.VpiBackend.delayed_compilation$lzycompute(VpiBackend.scala:93)
	at spinal.sim.VpiBackend.delayed_compilation(VpiBackend.scala:75)
	at spinal.sim.VpiBackend.instanciate_(VpiBackend.scala:132)
	at spinal.sim.VpiBackend.instanciate(VpiBackend.scala:155)
	at spinal.sim.VpiBackend.instanciate(VpiBackend.scala:167)
	at spinal.sim.SimVpi.&lt;init&gt;(SimVpi.scala:15)
	at spinal.core.sim.SpinalSimConfig$$anon$5.newSimRaw(SimBootstraps.scala:655)
	at spinal.core.sim.SimCompiled.doSimApi(SimBootstraps.scala:393)
	at spinal.core.sim.SimCompiled.doSim(SimBootstraps.scala:371)
	at spinal.tester.scalatest.SpinalSimMiscTester$$anonfun$5$$anonfun$apply$26$$anonfun$apply$10.apply$mcV$sp(SpinalSimMiscTester.scala:222)
	at spinal.tester.scalatest.SpinalSimMiscTester$$anonfun$5$$anonfun$apply$26$$anonfun$apply$10.apply(SpinalSimMiscTester.scala:222)
	at spinal.tester.scalatest.SpinalSimMiscTester$$anonfun$5$$anonfun$apply$26$$anonfun$apply$10.apply(SpinalSimMiscTester.scala:222)
	at org.scalatest.Transformer$$anonfun$apply$1.apply$mcV$sp(Transformer.scala:22)
	at org.scalatest.OutcomeOf$class.outcomeOf(OutcomeOf.scala:85)
	at org.scalatest.OutcomeOf$.outcomeOf(OutcomeOf.scala:104)
	at org.scalatest.Transformer.apply(Transformer.scala:22)
	at org.scalatest.Transformer.apply(Transformer.scala:20)
	at org.scalatest.FunSuiteLike$$anon$1.apply(FunSuiteLike.scala:166)
	at org.scalatest.Suite$class.withFixture(Suite.scala:1122)
	at org.scalatest.FunSuite.withFixture(FunSuite.scala:1555)
	at org.scalatest.FunSuiteLike$class.invokeWithFixture$1(FunSuiteLike.scala:163)
	at org.scalatest.FunSuiteLike$$anonfun$runTest$1.apply(FunSuiteLike.scala:175)
	at org.scalatest.FunSuiteLike$$anonfun$runTest$1.apply(FunSuiteLike.scala:175)
	at org.scalatest.SuperEngine.runTestImpl(Engine.scala:306)
	at org.scalatest.FunSuiteLike$class.runTest(FunSuiteLike.scala:175)
	at org.scalatest.FunSuite.runTest(FunSuite.scala:1555)
	at org.scalatest.FunSuiteLike$$anonfun$runTests$1.apply(FunSuiteLike.scala:208)
	at org.scalatest.FunSuiteLike$$anonfun$runTests$1.apply(FunSuiteLike.scala:208)
	at org.scalatest.SuperEngine$$anonfun$traverseSubNodes$1$1.apply(Engine.scala:413)
	at org.scalatest.SuperEngine$$anonfun$traverseSubNodes$1$1.apply(Engine.scala:401)
	at scala.collection.immutable.List.foreach(List.scala:392)
	at org.scalatest.SuperEngine.traverseSubNodes$1(Engine.scala:401)
	at org.scalatest.SuperEngine.org$scalatest$SuperEngine$$runTestsInBranch(Engine.scala:396)
	at org.scalatest.SuperEngine.runTestsImpl(Engine.scala:483)
	at org.scalatest.FunSuiteLike$class.runTests(FunSuiteLike.scala:208)
	at org.scalatest.FunSuite.runTests(FunSuite.scala:1555)
	at org.scalatest.Suite$class.run(Suite.scala:1424)
	at org.scalatest.FunSuite.org$scalatest$FunSuiteLike$$super$run(FunSuite.scala:1555)
	at org.scalatest.FunSuiteLike$$anonfun$run$1.apply(FunSuiteLike.scala:212)
	at org.scalatest.FunSuiteLike$$anonfun$run$1.apply(FunSuiteLike.scala:212)
	at org.scalatest.SuperEngine.runImpl(Engine.scala:545)
	at org.scalatest.FunSuiteLike$class.run(FunSuiteLike.scala:212)
	at org.scalatest.FunSuite.run(FunSuite.scala:1555)
	at org.scalatest.tools.Framework.org$scalatest$tools$Framework$$runSuite(Framework.scala:462)
	at org.scalatest.tools.Framework$ScalaTestTask.execute(Framework.scala:671)
	at sbt.ForkMain$Run.lambda$runTest$1(ForkMain.java:304)
	at java.util.concurrent.FutureTask.run(FutureTask.java:266)
	at java.util.concurrent.ThreadPoolExecutor.runWorker(ThreadPoolExecutor.java:1149)
	at java.util.concurrent.ThreadPoolExecutor$Worker.run(ThreadPoolExecutor.java:624)
	at java.lang.Thread.run(Thread.java:748)
Caused by: sbt.ForkMain$ForkError: java.io.IOException: error=2, 没有那个文件或目录
	at java.lang.UNIXProcess.forkAndExec(Native Method)
	at java.lang.UNIXProcess.&lt;init&gt;(UNIXProcess.java:247)
	at java.lang.ProcessImpl.start(ProcessImpl.java:134)
	at java.lang.ProcessBuilder.start(ProcessBuilder.java:1029)
	... 57 more
</failure>
                                               </testcase><testcase classname="spinal.tester.scalatest.SpinalSimMiscTester" name="ghdl_testdoSimUntilVoid" time="0.02">
                                                 <failure message="java.io.IOException: Cannot run program &quot;g++&quot; (in directory &quot;./simWorkspace/.pluginsCachePath&quot;): error=2, 没有那个文件或目录" type="sbt.ForkMain$ForkError">sbt.ForkMain$ForkError: java.io.IOException: Cannot run program &quot;g++&quot; (in directory &quot;./simWorkspace/.pluginsCachePath&quot;): error=2, 没有那个文件或目录
	at java.lang.ProcessBuilder.start(ProcessBuilder.java:1048)
	at scala.sys.process.ProcessBuilderImpl$Simple.run(ProcessBuilderImpl.scala:69)
	at scala.sys.process.ProcessBuilderImpl$AbstractBuilder.run(ProcessBuilderImpl.scala:100)
	at scala.sys.process.ProcessBuilderImpl$AbstractBuilder$$anonfun$runBuffered$1.apply(ProcessBuilderImpl.scala:148)
	at scala.sys.process.ProcessBuilderImpl$AbstractBuilder$$anonfun$runBuffered$1.apply(ProcessBuilderImpl.scala:148)
	at spinal.sim.VpiBackend$Logger.buffer(VpiBackend.scala:70)
	at scala.sys.process.ProcessBuilderImpl$AbstractBuilder.runBuffered(ProcessBuilderImpl.scala:148)
	at scala.sys.process.ProcessBuilderImpl$AbstractBuilder.$bang(ProcessBuilderImpl.scala:114)
	at spinal.sim.VpiBackend.delayed_compilation$lzycompute(VpiBackend.scala:93)
	at spinal.sim.VpiBackend.delayed_compilation(VpiBackend.scala:75)
	at spinal.sim.VpiBackend.instanciate_(VpiBackend.scala:132)
	at spinal.sim.VpiBackend.instanciate(VpiBackend.scala:155)
	at spinal.sim.VpiBackend.instanciate(VpiBackend.scala:167)
	at spinal.sim.SimVpi.&lt;init&gt;(SimVpi.scala:15)
	at spinal.core.sim.SpinalSimConfig$$anon$5.newSimRaw(SimBootstraps.scala:655)
	at spinal.core.sim.SimCompiled.doSimApi(SimBootstraps.scala:393)
	at spinal.core.sim.SimCompiled.doSimUntilVoid(SimBootstraps.scala:379)
	at spinal.tester.scalatest.SpinalSimMiscTester$$anonfun$5$$anonfun$apply$26$$anonfun$apply$12.apply$mcV$sp(SpinalSimMiscTester.scala:240)
	at spinal.tester.scalatest.SpinalSimMiscTester$$anonfun$5$$anonfun$apply$26$$anonfun$apply$12.apply(SpinalSimMiscTester.scala:237)
	at spinal.tester.scalatest.SpinalSimMiscTester$$anonfun$5$$anonfun$apply$26$$anonfun$apply$12.apply(SpinalSimMiscTester.scala:237)
	at org.scalatest.Transformer$$anonfun$apply$1.apply$mcV$sp(Transformer.scala:22)
	at org.scalatest.OutcomeOf$class.outcomeOf(OutcomeOf.scala:85)
	at org.scalatest.OutcomeOf$.outcomeOf(OutcomeOf.scala:104)
	at org.scalatest.Transformer.apply(Transformer.scala:22)
	at org.scalatest.Transformer.apply(Transformer.scala:20)
	at org.scalatest.FunSuiteLike$$anon$1.apply(FunSuiteLike.scala:166)
	at org.scalatest.Suite$class.withFixture(Suite.scala:1122)
	at org.scalatest.FunSuite.withFixture(FunSuite.scala:1555)
	at org.scalatest.FunSuiteLike$class.invokeWithFixture$1(FunSuiteLike.scala:163)
	at org.scalatest.FunSuiteLike$$anonfun$runTest$1.apply(FunSuiteLike.scala:175)
	at org.scalatest.FunSuiteLike$$anonfun$runTest$1.apply(FunSuiteLike.scala:175)
	at org.scalatest.SuperEngine.runTestImpl(Engine.scala:306)
	at org.scalatest.FunSuiteLike$class.runTest(FunSuiteLike.scala:175)
	at org.scalatest.FunSuite.runTest(FunSuite.scala:1555)
	at org.scalatest.FunSuiteLike$$anonfun$runTests$1.apply(FunSuiteLike.scala:208)
	at org.scalatest.FunSuiteLike$$anonfun$runTests$1.apply(FunSuiteLike.scala:208)
	at org.scalatest.SuperEngine$$anonfun$traverseSubNodes$1$1.apply(Engine.scala:413)
	at org.scalatest.SuperEngine$$anonfun$traverseSubNodes$1$1.apply(Engine.scala:401)
	at scala.collection.immutable.List.foreach(List.scala:392)
	at org.scalatest.SuperEngine.traverseSubNodes$1(Engine.scala:401)
	at org.scalatest.SuperEngine.org$scalatest$SuperEngine$$runTestsInBranch(Engine.scala:396)
	at org.scalatest.SuperEngine.runTestsImpl(Engine.scala:483)
	at org.scalatest.FunSuiteLike$class.runTests(FunSuiteLike.scala:208)
	at org.scalatest.FunSuite.runTests(FunSuite.scala:1555)
	at org.scalatest.Suite$class.run(Suite.scala:1424)
	at org.scalatest.FunSuite.org$scalatest$FunSuiteLike$$super$run(FunSuite.scala:1555)
	at org.scalatest.FunSuiteLike$$anonfun$run$1.apply(FunSuiteLike.scala:212)
	at org.scalatest.FunSuiteLike$$anonfun$run$1.apply(FunSuiteLike.scala:212)
	at org.scalatest.SuperEngine.runImpl(Engine.scala:545)
	at org.scalatest.FunSuiteLike$class.run(FunSuiteLike.scala:212)
	at org.scalatest.FunSuite.run(FunSuite.scala:1555)
	at org.scalatest.tools.Framework.org$scalatest$tools$Framework$$runSuite(Framework.scala:462)
	at org.scalatest.tools.Framework$ScalaTestTask.execute(Framework.scala:671)
	at sbt.ForkMain$Run.lambda$runTest$1(ForkMain.java:304)
	at java.util.concurrent.FutureTask.run(FutureTask.java:266)
	at java.util.concurrent.ThreadPoolExecutor.runWorker(ThreadPoolExecutor.java:1149)
	at java.util.concurrent.ThreadPoolExecutor$Worker.run(ThreadPoolExecutor.java:624)
	at java.lang.Thread.run(Thread.java:748)
Caused by: sbt.ForkMain$ForkError: java.io.IOException: error=2, 没有那个文件或目录
	at java.lang.UNIXProcess.forkAndExec(Native Method)
	at java.lang.UNIXProcess.&lt;init&gt;(UNIXProcess.java:247)
	at java.lang.ProcessImpl.start(ProcessImpl.java:134)
	at java.lang.ProcessBuilder.start(ProcessBuilder.java:1029)
	... 57 more
</failure>
                                               </testcase><testcase classname="spinal.tester.scalatest.SpinalSimMiscTester" name="ghdl_testRecompile1" time="0.213">
                                                 <failure message="java.io.IOException: Cannot run program &quot;g++&quot; (in directory &quot;./simWorkspace/.pluginsCachePath&quot;): error=2, 没有那个文件或目录" type="sbt.ForkMain$ForkError">sbt.ForkMain$ForkError: java.io.IOException: Cannot run program &quot;g++&quot; (in directory &quot;./simWorkspace/.pluginsCachePath&quot;): error=2, 没有那个文件或目录
	at java.lang.ProcessBuilder.start(ProcessBuilder.java:1048)
	at scala.sys.process.ProcessBuilderImpl$Simple.run(ProcessBuilderImpl.scala:69)
	at scala.sys.process.ProcessBuilderImpl$AbstractBuilder.run(ProcessBuilderImpl.scala:100)
	at scala.sys.process.ProcessBuilderImpl$AbstractBuilder$$anonfun$runBuffered$1.apply(ProcessBuilderImpl.scala:148)
	at scala.sys.process.ProcessBuilderImpl$AbstractBuilder$$anonfun$runBuffered$1.apply(ProcessBuilderImpl.scala:148)
	at spinal.sim.VpiBackend$Logger.buffer(VpiBackend.scala:70)
	at scala.sys.process.ProcessBuilderImpl$AbstractBuilder.runBuffered(ProcessBuilderImpl.scala:148)
	at scala.sys.process.ProcessBuilderImpl$AbstractBuilder.$bang(ProcessBuilderImpl.scala:114)
	at spinal.sim.VpiBackend.delayed_compilation$lzycompute(VpiBackend.scala:93)
	at spinal.sim.VpiBackend.delayed_compilation(VpiBackend.scala:75)
	at spinal.sim.VpiBackend.instanciate_(VpiBackend.scala:132)
	at spinal.sim.VpiBackend.instanciate(VpiBackend.scala:155)
	at spinal.sim.VpiBackend.instanciate(VpiBackend.scala:167)
	at spinal.sim.SimVpi.&lt;init&gt;(SimVpi.scala:15)
	at spinal.core.sim.SpinalSimConfig$$anon$5.newSimRaw(SimBootstraps.scala:655)
	at spinal.core.sim.SimCompiled.doSimApi(SimBootstraps.scala:393)
	at spinal.core.sim.SimCompiled.doSim(SimBootstraps.scala:371)
	at spinal.core.sim.SpinalSimConfig.doSim(SimBootstraps.scala:565)
	at spinal.tester.scalatest.SpinalSimMiscTester$$anonfun$5$$anonfun$apply$26$$anonfun$apply$15.apply$mcV$sp(SpinalSimMiscTester.scala:278)
	at spinal.tester.scalatest.SpinalSimMiscTester$$anonfun$5$$anonfun$apply$26$$anonfun$apply$15.apply(SpinalSimMiscTester.scala:278)
	at spinal.tester.scalatest.SpinalSimMiscTester$$anonfun$5$$anonfun$apply$26$$anonfun$apply$15.apply(SpinalSimMiscTester.scala:278)
	at org.scalatest.Transformer$$anonfun$apply$1.apply$mcV$sp(Transformer.scala:22)
	at org.scalatest.OutcomeOf$class.outcomeOf(OutcomeOf.scala:85)
	at org.scalatest.OutcomeOf$.outcomeOf(OutcomeOf.scala:104)
	at org.scalatest.Transformer.apply(Transformer.scala:22)
	at org.scalatest.Transformer.apply(Transformer.scala:20)
	at org.scalatest.FunSuiteLike$$anon$1.apply(FunSuiteLike.scala:166)
	at org.scalatest.Suite$class.withFixture(Suite.scala:1122)
	at org.scalatest.FunSuite.withFixture(FunSuite.scala:1555)
	at org.scalatest.FunSuiteLike$class.invokeWithFixture$1(FunSuiteLike.scala:163)
	at org.scalatest.FunSuiteLike$$anonfun$runTest$1.apply(FunSuiteLike.scala:175)
	at org.scalatest.FunSuiteLike$$anonfun$runTest$1.apply(FunSuiteLike.scala:175)
	at org.scalatest.SuperEngine.runTestImpl(Engine.scala:306)
	at org.scalatest.FunSuiteLike$class.runTest(FunSuiteLike.scala:175)
	at org.scalatest.FunSuite.runTest(FunSuite.scala:1555)
	at org.scalatest.FunSuiteLike$$anonfun$runTests$1.apply(FunSuiteLike.scala:208)
	at org.scalatest.FunSuiteLike$$anonfun$runTests$1.apply(FunSuiteLike.scala:208)
	at org.scalatest.SuperEngine$$anonfun$traverseSubNodes$1$1.apply(Engine.scala:413)
	at org.scalatest.SuperEngine$$anonfun$traverseSubNodes$1$1.apply(Engine.scala:401)
	at scala.collection.immutable.List.foreach(List.scala:392)
	at org.scalatest.SuperEngine.traverseSubNodes$1(Engine.scala:401)
	at org.scalatest.SuperEngine.org$scalatest$SuperEngine$$runTestsInBranch(Engine.scala:396)
	at org.scalatest.SuperEngine.runTestsImpl(Engine.scala:483)
	at org.scalatest.FunSuiteLike$class.runTests(FunSuiteLike.scala:208)
	at org.scalatest.FunSuite.runTests(FunSuite.scala:1555)
	at org.scalatest.Suite$class.run(Suite.scala:1424)
	at org.scalatest.FunSuite.org$scalatest$FunSuiteLike$$super$run(FunSuite.scala:1555)
	at org.scalatest.FunSuiteLike$$anonfun$run$1.apply(FunSuiteLike.scala:212)
	at org.scalatest.FunSuiteLike$$anonfun$run$1.apply(FunSuiteLike.scala:212)
	at org.scalatest.SuperEngine.runImpl(Engine.scala:545)
	at org.scalatest.FunSuiteLike$class.run(FunSuiteLike.scala:212)
	at org.scalatest.FunSuite.run(FunSuite.scala:1555)
	at org.scalatest.tools.Framework.org$scalatest$tools$Framework$$runSuite(Framework.scala:462)
	at org.scalatest.tools.Framework$ScalaTestTask.execute(Framework.scala:671)
	at sbt.ForkMain$Run.lambda$runTest$1(ForkMain.java:304)
	at java.util.concurrent.FutureTask.run(FutureTask.java:266)
	at java.util.concurrent.ThreadPoolExecutor.runWorker(ThreadPoolExecutor.java:1149)
	at java.util.concurrent.ThreadPoolExecutor$Worker.run(ThreadPoolExecutor.java:624)
	at java.lang.Thread.run(Thread.java:748)
Caused by: sbt.ForkMain$ForkError: java.io.IOException: error=2, 没有那个文件或目录
	at java.lang.UNIXProcess.forkAndExec(Native Method)
	at java.lang.UNIXProcess.&lt;init&gt;(UNIXProcess.java:247)
	at java.lang.ProcessImpl.start(ProcessImpl.java:134)
	at java.lang.ProcessBuilder.start(ProcessBuilder.java:1029)
	... 58 more
</failure>
                                               </testcase><testcase classname="spinal.tester.scalatest.SpinalSimMiscTester" name="ghdl_testRecompile2" time="0.083">
                                                 <failure message="java.io.IOException: Cannot run program &quot;g++&quot; (in directory &quot;./simWorkspace/.pluginsCachePath&quot;): error=2, 没有那个文件或目录" type="sbt.ForkMain$ForkError">sbt.ForkMain$ForkError: java.io.IOException: Cannot run program &quot;g++&quot; (in directory &quot;./simWorkspace/.pluginsCachePath&quot;): error=2, 没有那个文件或目录
	at java.lang.ProcessBuilder.start(ProcessBuilder.java:1048)
	at scala.sys.process.ProcessBuilderImpl$Simple.run(ProcessBuilderImpl.scala:69)
	at scala.sys.process.ProcessBuilderImpl$AbstractBuilder.run(ProcessBuilderImpl.scala:100)
	at scala.sys.process.ProcessBuilderImpl$AbstractBuilder$$anonfun$runBuffered$1.apply(ProcessBuilderImpl.scala:148)
	at scala.sys.process.ProcessBuilderImpl$AbstractBuilder$$anonfun$runBuffered$1.apply(ProcessBuilderImpl.scala:148)
	at spinal.sim.VpiBackend$Logger.buffer(VpiBackend.scala:70)
	at scala.sys.process.ProcessBuilderImpl$AbstractBuilder.runBuffered(ProcessBuilderImpl.scala:148)
	at scala.sys.process.ProcessBuilderImpl$AbstractBuilder.$bang(ProcessBuilderImpl.scala:114)
	at spinal.sim.VpiBackend.delayed_compilation$lzycompute(VpiBackend.scala:93)
	at spinal.sim.VpiBackend.delayed_compilation(VpiBackend.scala:75)
	at spinal.sim.VpiBackend.instanciate_(VpiBackend.scala:132)
	at spinal.sim.VpiBackend.instanciate(VpiBackend.scala:155)
	at spinal.sim.VpiBackend.instanciate(VpiBackend.scala:167)
	at spinal.sim.SimVpi.&lt;init&gt;(SimVpi.scala:15)
	at spinal.core.sim.SpinalSimConfig$$anon$5.newSimRaw(SimBootstraps.scala:655)
	at spinal.core.sim.SimCompiled.doSimApi(SimBootstraps.scala:393)
	at spinal.core.sim.SimCompiled.doSim(SimBootstraps.scala:371)
	at spinal.core.sim.SpinalSimConfig.doSim(SimBootstraps.scala:565)
	at spinal.tester.scalatest.SpinalSimMiscTester$$anonfun$5$$anonfun$apply$26$$anonfun$apply$17.apply$mcV$sp(SpinalSimMiscTester.scala:297)
	at spinal.tester.scalatest.SpinalSimMiscTester$$anonfun$5$$anonfun$apply$26$$anonfun$apply$17.apply(SpinalSimMiscTester.scala:297)
	at spinal.tester.scalatest.SpinalSimMiscTester$$anonfun$5$$anonfun$apply$26$$anonfun$apply$17.apply(SpinalSimMiscTester.scala:297)
	at org.scalatest.Transformer$$anonfun$apply$1.apply$mcV$sp(Transformer.scala:22)
	at org.scalatest.OutcomeOf$class.outcomeOf(OutcomeOf.scala:85)
	at org.scalatest.OutcomeOf$.outcomeOf(OutcomeOf.scala:104)
	at org.scalatest.Transformer.apply(Transformer.scala:22)
	at org.scalatest.Transformer.apply(Transformer.scala:20)
	at org.scalatest.FunSuiteLike$$anon$1.apply(FunSuiteLike.scala:166)
	at org.scalatest.Suite$class.withFixture(Suite.scala:1122)
	at org.scalatest.FunSuite.withFixture(FunSuite.scala:1555)
	at org.scalatest.FunSuiteLike$class.invokeWithFixture$1(FunSuiteLike.scala:163)
	at org.scalatest.FunSuiteLike$$anonfun$runTest$1.apply(FunSuiteLike.scala:175)
	at org.scalatest.FunSuiteLike$$anonfun$runTest$1.apply(FunSuiteLike.scala:175)
	at org.scalatest.SuperEngine.runTestImpl(Engine.scala:306)
	at org.scalatest.FunSuiteLike$class.runTest(FunSuiteLike.scala:175)
	at org.scalatest.FunSuite.runTest(FunSuite.scala:1555)
	at org.scalatest.FunSuiteLike$$anonfun$runTests$1.apply(FunSuiteLike.scala:208)
	at org.scalatest.FunSuiteLike$$anonfun$runTests$1.apply(FunSuiteLike.scala:208)
	at org.scalatest.SuperEngine$$anonfun$traverseSubNodes$1$1.apply(Engine.scala:413)
	at org.scalatest.SuperEngine$$anonfun$traverseSubNodes$1$1.apply(Engine.scala:401)
	at scala.collection.immutable.List.foreach(List.scala:392)
	at org.scalatest.SuperEngine.traverseSubNodes$1(Engine.scala:401)
	at org.scalatest.SuperEngine.org$scalatest$SuperEngine$$runTestsInBranch(Engine.scala:396)
	at org.scalatest.SuperEngine.runTestsImpl(Engine.scala:483)
	at org.scalatest.FunSuiteLike$class.runTests(FunSuiteLike.scala:208)
	at org.scalatest.FunSuite.runTests(FunSuite.scala:1555)
	at org.scalatest.Suite$class.run(Suite.scala:1424)
	at org.scalatest.FunSuite.org$scalatest$FunSuiteLike$$super$run(FunSuite.scala:1555)
	at org.scalatest.FunSuiteLike$$anonfun$run$1.apply(FunSuiteLike.scala:212)
	at org.scalatest.FunSuiteLike$$anonfun$run$1.apply(FunSuiteLike.scala:212)
	at org.scalatest.SuperEngine.runImpl(Engine.scala:545)
	at org.scalatest.FunSuiteLike$class.run(FunSuiteLike.scala:212)
	at org.scalatest.FunSuite.run(FunSuite.scala:1555)
	at org.scalatest.tools.Framework.org$scalatest$tools$Framework$$runSuite(Framework.scala:462)
	at org.scalatest.tools.Framework$ScalaTestTask.execute(Framework.scala:671)
	at sbt.ForkMain$Run.lambda$runTest$1(ForkMain.java:304)
	at java.util.concurrent.FutureTask.run(FutureTask.java:266)
	at java.util.concurrent.ThreadPoolExecutor.runWorker(ThreadPoolExecutor.java:1149)
	at java.util.concurrent.ThreadPoolExecutor$Worker.run(ThreadPoolExecutor.java:624)
	at java.lang.Thread.run(Thread.java:748)
Caused by: sbt.ForkMain$ForkError: java.io.IOException: error=2, 没有那个文件或目录
	at java.lang.UNIXProcess.forkAndExec(Native Method)
	at java.lang.UNIXProcess.&lt;init&gt;(UNIXProcess.java:247)
	at java.lang.ProcessImpl.start(ProcessImpl.java:134)
	at java.lang.ProcessBuilder.start(ProcessBuilder.java:1029)
	... 58 more
</failure>
                                               </testcase><testcase classname="spinal.tester.scalatest.SpinalSimMiscTester" name="ghdl_testCompInWhen" time="0.135">
                                                 <failure message="java.io.IOException: Cannot run program &quot;g++&quot; (in directory &quot;./simWorkspace/.pluginsCachePath&quot;): error=2, 没有那个文件或目录" type="sbt.ForkMain$ForkError">sbt.ForkMain$ForkError: java.io.IOException: Cannot run program &quot;g++&quot; (in directory &quot;./simWorkspace/.pluginsCachePath&quot;): error=2, 没有那个文件或目录
	at java.lang.ProcessBuilder.start(ProcessBuilder.java:1048)
	at scala.sys.process.ProcessBuilderImpl$Simple.run(ProcessBuilderImpl.scala:69)
	at scala.sys.process.ProcessBuilderImpl$AbstractBuilder.run(ProcessBuilderImpl.scala:100)
	at scala.sys.process.ProcessBuilderImpl$AbstractBuilder$$anonfun$runBuffered$1.apply(ProcessBuilderImpl.scala:148)
	at scala.sys.process.ProcessBuilderImpl$AbstractBuilder$$anonfun$runBuffered$1.apply(ProcessBuilderImpl.scala:148)
	at spinal.sim.VpiBackend$Logger.buffer(VpiBackend.scala:70)
	at scala.sys.process.ProcessBuilderImpl$AbstractBuilder.runBuffered(ProcessBuilderImpl.scala:148)
	at scala.sys.process.ProcessBuilderImpl$AbstractBuilder.$bang(ProcessBuilderImpl.scala:114)
	at spinal.sim.VpiBackend.delayed_compilation$lzycompute(VpiBackend.scala:93)
	at spinal.sim.VpiBackend.delayed_compilation(VpiBackend.scala:75)
	at spinal.sim.VpiBackend.instanciate_(VpiBackend.scala:132)
	at spinal.sim.VpiBackend.instanciate(VpiBackend.scala:155)
	at spinal.sim.VpiBackend.instanciate(VpiBackend.scala:167)
	at spinal.sim.SimVpi.&lt;init&gt;(SimVpi.scala:15)
	at spinal.core.sim.SpinalSimConfig$$anon$5.newSimRaw(SimBootstraps.scala:655)
	at spinal.core.sim.SimCompiled.doSimApi(SimBootstraps.scala:393)
	at spinal.core.sim.SimCompiled.doSim(SimBootstraps.scala:371)
	at spinal.tester.scalatest.SpinalSimMiscTester$$anonfun$5$$anonfun$apply$26$$anonfun$apply$19.apply$mcV$sp(SpinalSimMiscTester.scala:325)
	at spinal.tester.scalatest.SpinalSimMiscTester$$anonfun$5$$anonfun$apply$26$$anonfun$apply$19.apply(SpinalSimMiscTester.scala:325)
	at spinal.tester.scalatest.SpinalSimMiscTester$$anonfun$5$$anonfun$apply$26$$anonfun$apply$19.apply(SpinalSimMiscTester.scala:325)
	at org.scalatest.Transformer$$anonfun$apply$1.apply$mcV$sp(Transformer.scala:22)
	at org.scalatest.OutcomeOf$class.outcomeOf(OutcomeOf.scala:85)
	at org.scalatest.OutcomeOf$.outcomeOf(OutcomeOf.scala:104)
	at org.scalatest.Transformer.apply(Transformer.scala:22)
	at org.scalatest.Transformer.apply(Transformer.scala:20)
	at org.scalatest.FunSuiteLike$$anon$1.apply(FunSuiteLike.scala:166)
	at org.scalatest.Suite$class.withFixture(Suite.scala:1122)
	at org.scalatest.FunSuite.withFixture(FunSuite.scala:1555)
	at org.scalatest.FunSuiteLike$class.invokeWithFixture$1(FunSuiteLike.scala:163)
	at org.scalatest.FunSuiteLike$$anonfun$runTest$1.apply(FunSuiteLike.scala:175)
	at org.scalatest.FunSuiteLike$$anonfun$runTest$1.apply(FunSuiteLike.scala:175)
	at org.scalatest.SuperEngine.runTestImpl(Engine.scala:306)
	at org.scalatest.FunSuiteLike$class.runTest(FunSuiteLike.scala:175)
	at org.scalatest.FunSuite.runTest(FunSuite.scala:1555)
	at org.scalatest.FunSuiteLike$$anonfun$runTests$1.apply(FunSuiteLike.scala:208)
	at org.scalatest.FunSuiteLike$$anonfun$runTests$1.apply(FunSuiteLike.scala:208)
	at org.scalatest.SuperEngine$$anonfun$traverseSubNodes$1$1.apply(Engine.scala:413)
	at org.scalatest.SuperEngine$$anonfun$traverseSubNodes$1$1.apply(Engine.scala:401)
	at scala.collection.immutable.List.foreach(List.scala:392)
	at org.scalatest.SuperEngine.traverseSubNodes$1(Engine.scala:401)
	at org.scalatest.SuperEngine.org$scalatest$SuperEngine$$runTestsInBranch(Engine.scala:396)
	at org.scalatest.SuperEngine.runTestsImpl(Engine.scala:483)
	at org.scalatest.FunSuiteLike$class.runTests(FunSuiteLike.scala:208)
	at org.scalatest.FunSuite.runTests(FunSuite.scala:1555)
	at org.scalatest.Suite$class.run(Suite.scala:1424)
	at org.scalatest.FunSuite.org$scalatest$FunSuiteLike$$super$run(FunSuite.scala:1555)
	at org.scalatest.FunSuiteLike$$anonfun$run$1.apply(FunSuiteLike.scala:212)
	at org.scalatest.FunSuiteLike$$anonfun$run$1.apply(FunSuiteLike.scala:212)
	at org.scalatest.SuperEngine.runImpl(Engine.scala:545)
	at org.scalatest.FunSuiteLike$class.run(FunSuiteLike.scala:212)
	at org.scalatest.FunSuite.run(FunSuite.scala:1555)
	at org.scalatest.tools.Framework.org$scalatest$tools$Framework$$runSuite(Framework.scala:462)
	at org.scalatest.tools.Framework$ScalaTestTask.execute(Framework.scala:671)
	at sbt.ForkMain$Run.lambda$runTest$1(ForkMain.java:304)
	at java.util.concurrent.FutureTask.run(FutureTask.java:266)
	at java.util.concurrent.ThreadPoolExecutor.runWorker(ThreadPoolExecutor.java:1149)
	at java.util.concurrent.ThreadPoolExecutor$Worker.run(ThreadPoolExecutor.java:624)
	at java.lang.Thread.run(Thread.java:748)
Caused by: sbt.ForkMain$ForkError: java.io.IOException: error=2, 没有那个文件或目录
	at java.lang.UNIXProcess.forkAndExec(Native Method)
	at java.lang.UNIXProcess.&lt;init&gt;(UNIXProcess.java:247)
	at java.lang.ProcessImpl.start(ProcessImpl.java:134)
	at java.lang.ProcessBuilder.start(ProcessBuilder.java:1029)
	... 57 more
</failure>
                                               </testcase><testcase classname="spinal.tester.scalatest.SpinalSimMiscTester" name="ghdl_NonBB" time="0.219">
                                                 <failure message="java.io.IOException: Cannot run program &quot;g++&quot; (in directory &quot;./simWorkspace/.pluginsCachePath&quot;): error=2, 没有那个文件或目录" type="sbt.ForkMain$ForkError">sbt.ForkMain$ForkError: java.io.IOException: Cannot run program &quot;g++&quot; (in directory &quot;./simWorkspace/.pluginsCachePath&quot;): error=2, 没有那个文件或目录
	at java.lang.ProcessBuilder.start(ProcessBuilder.java:1048)
	at scala.sys.process.ProcessBuilderImpl$Simple.run(ProcessBuilderImpl.scala:69)
	at scala.sys.process.ProcessBuilderImpl$AbstractBuilder.run(ProcessBuilderImpl.scala:100)
	at scala.sys.process.ProcessBuilderImpl$AbstractBuilder$$anonfun$runBuffered$1.apply(ProcessBuilderImpl.scala:148)
	at scala.sys.process.ProcessBuilderImpl$AbstractBuilder$$anonfun$runBuffered$1.apply(ProcessBuilderImpl.scala:148)
	at spinal.sim.VpiBackend$Logger.buffer(VpiBackend.scala:70)
	at scala.sys.process.ProcessBuilderImpl$AbstractBuilder.runBuffered(ProcessBuilderImpl.scala:148)
	at scala.sys.process.ProcessBuilderImpl$AbstractBuilder.$bang(ProcessBuilderImpl.scala:114)
	at spinal.sim.VpiBackend.delayed_compilation$lzycompute(VpiBackend.scala:93)
	at spinal.sim.VpiBackend.delayed_compilation(VpiBackend.scala:75)
	at spinal.sim.VpiBackend.instanciate_(VpiBackend.scala:132)
	at spinal.sim.VpiBackend.instanciate(VpiBackend.scala:155)
	at spinal.sim.VpiBackend.instanciate(VpiBackend.scala:167)
	at spinal.sim.SimVpi.&lt;init&gt;(SimVpi.scala:15)
	at spinal.core.sim.SpinalSimConfig$$anon$5.newSimRaw(SimBootstraps.scala:655)
	at spinal.core.sim.SimCompiled.doSimApi(SimBootstraps.scala:393)
	at spinal.core.sim.SimCompiled.doSim(SimBootstraps.scala:371)
	at spinal.tester.scalatest.SpinalSimMiscTester$$anonfun$5$$anonfun$apply$26$$anonfun$apply$21.apply$mcV$sp(SpinalSimMiscTester.scala:354)
	at spinal.tester.scalatest.SpinalSimMiscTester$$anonfun$5$$anonfun$apply$26$$anonfun$apply$21.apply(SpinalSimMiscTester.scala:354)
	at spinal.tester.scalatest.SpinalSimMiscTester$$anonfun$5$$anonfun$apply$26$$anonfun$apply$21.apply(SpinalSimMiscTester.scala:354)
	at org.scalatest.Transformer$$anonfun$apply$1.apply$mcV$sp(Transformer.scala:22)
	at org.scalatest.OutcomeOf$class.outcomeOf(OutcomeOf.scala:85)
	at org.scalatest.OutcomeOf$.outcomeOf(OutcomeOf.scala:104)
	at org.scalatest.Transformer.apply(Transformer.scala:22)
	at org.scalatest.Transformer.apply(Transformer.scala:20)
	at org.scalatest.FunSuiteLike$$anon$1.apply(FunSuiteLike.scala:166)
	at org.scalatest.Suite$class.withFixture(Suite.scala:1122)
	at org.scalatest.FunSuite.withFixture(FunSuite.scala:1555)
	at org.scalatest.FunSuiteLike$class.invokeWithFixture$1(FunSuiteLike.scala:163)
	at org.scalatest.FunSuiteLike$$anonfun$runTest$1.apply(FunSuiteLike.scala:175)
	at org.scalatest.FunSuiteLike$$anonfun$runTest$1.apply(FunSuiteLike.scala:175)
	at org.scalatest.SuperEngine.runTestImpl(Engine.scala:306)
	at org.scalatest.FunSuiteLike$class.runTest(FunSuiteLike.scala:175)
	at org.scalatest.FunSuite.runTest(FunSuite.scala:1555)
	at org.scalatest.FunSuiteLike$$anonfun$runTests$1.apply(FunSuiteLike.scala:208)
	at org.scalatest.FunSuiteLike$$anonfun$runTests$1.apply(FunSuiteLike.scala:208)
	at org.scalatest.SuperEngine$$anonfun$traverseSubNodes$1$1.apply(Engine.scala:413)
	at org.scalatest.SuperEngine$$anonfun$traverseSubNodes$1$1.apply(Engine.scala:401)
	at scala.collection.immutable.List.foreach(List.scala:392)
	at org.scalatest.SuperEngine.traverseSubNodes$1(Engine.scala:401)
	at org.scalatest.SuperEngine.org$scalatest$SuperEngine$$runTestsInBranch(Engine.scala:396)
	at org.scalatest.SuperEngine.runTestsImpl(Engine.scala:483)
	at org.scalatest.FunSuiteLike$class.runTests(FunSuiteLike.scala:208)
	at org.scalatest.FunSuite.runTests(FunSuite.scala:1555)
	at org.scalatest.Suite$class.run(Suite.scala:1424)
	at org.scalatest.FunSuite.org$scalatest$FunSuiteLike$$super$run(FunSuite.scala:1555)
	at org.scalatest.FunSuiteLike$$anonfun$run$1.apply(FunSuiteLike.scala:212)
	at org.scalatest.FunSuiteLike$$anonfun$run$1.apply(FunSuiteLike.scala:212)
	at org.scalatest.SuperEngine.runImpl(Engine.scala:545)
	at org.scalatest.FunSuiteLike$class.run(FunSuiteLike.scala:212)
	at org.scalatest.FunSuite.run(FunSuite.scala:1555)
	at org.scalatest.tools.Framework.org$scalatest$tools$Framework$$runSuite(Framework.scala:462)
	at org.scalatest.tools.Framework$ScalaTestTask.execute(Framework.scala:671)
	at sbt.ForkMain$Run.lambda$runTest$1(ForkMain.java:304)
	at java.util.concurrent.FutureTask.run(FutureTask.java:266)
	at java.util.concurrent.ThreadPoolExecutor.runWorker(ThreadPoolExecutor.java:1149)
	at java.util.concurrent.ThreadPoolExecutor$Worker.run(ThreadPoolExecutor.java:624)
	at java.lang.Thread.run(Thread.java:748)
Caused by: sbt.ForkMain$ForkError: java.io.IOException: error=2, 没有那个文件或目录
	at java.lang.UNIXProcess.forkAndExec(Native Method)
[...]
	at java.lang.Thread.run(Thread.java:748)
</failure>
                                               </testcase><testcase classname="spinal.tester.scalatest.SpinalSimMiscTester" name="verilator_testRecompile2" time="0.066">
                                                 <failure message="java.lang.AssertionError: assertion failed: Verilator invocation failed" type="sbt.ForkMain$ForkError">sbt.ForkMain$ForkError: java.lang.AssertionError: assertion failed: Verilator invocation failed
	at scala.Predef$.assert(Predef.scala:170)
	at spinal.sim.VerilatorBackend.compileVerilator(VerilatorBackend.scala:475)
	at spinal.sim.VerilatorBackend.&lt;init&gt;(VerilatorBackend.scala:542)
	at spinal.core.sim.SpinalVerilatorBackend$.apply(SimBootstraps.scala:135)
	at spinal.core.sim.SpinalSimConfig.compile(SimBootstraps.scala:625)
	at spinal.core.sim.SpinalSimConfig.compile(SimBootstraps.scala:588)
	at spinal.core.sim.SpinalSimConfig.doSim(SimBootstraps.scala:565)
	at spinal.tester.scalatest.SpinalSimMiscTester$$anonfun$5$$anonfun$apply$26$$anonfun$apply$17.apply$mcV$sp(SpinalSimMiscTester.scala:297)
	at spinal.tester.scalatest.SpinalSimMiscTester$$anonfun$5$$anonfun$apply$26$$anonfun$apply$17.apply(SpinalSimMiscTester.scala:297)
	at spinal.tester.scalatest.SpinalSimMiscTester$$anonfun$5$$anonfun$apply$26$$anonfun$apply$17.apply(SpinalSimMiscTester.scala:297)
	at org.scalatest.Transformer$$anonfun$apply$1.apply$mcV$sp(Transformer.scala:22)
	at org.scalatest.OutcomeOf$class.outcomeOf(OutcomeOf.scala:85)
	at org.scalatest.OutcomeOf$.outcomeOf(OutcomeOf.scala:104)
	at org.scalatest.Transformer.apply(Transformer.scala:22)
	at org.scalatest.Transformer.apply(Transformer.scala:20)
	at org.scalatest.FunSuiteLike$$anon$1.apply(FunSuiteLike.scala:166)
	at org.scalatest.Suite$class.withFixture(Suite.scala:1122)
	at org.scalatest.FunSuite.withFixture(FunSuite.scala:1555)
	at org.scalatest.FunSuiteLike$class.invokeWithFixture$1(FunSuiteLike.scala:163)
	at org.scalatest.FunSuiteLike$$anonfun$runTest$1.apply(FunSuiteLike.scala:175)
	at org.scalatest.FunSuiteLike$$anonfun$runTest$1.apply(FunSuiteLike.scala:175)
	at org.scalatest.SuperEngine.runTestImpl(Engine.scala:306)
	at org.scalatest.FunSuiteLike$class.runTest(FunSuiteLike.scala:175)
	at org.scalatest.FunSuite.runTest(FunSuite.scala:1555)
	at org.scalatest.FunSuiteLike$$anonfun$runTests$1.apply(FunSuiteLike.scala:208)
	at org.scalatest.FunSuiteLike$$anonfun$runTests$1.apply(FunSuiteLike.scala:208)
	at org.scalatest.SuperEngine$$anonfun$traverseSubNodes$1$1.apply(Engine.scala:413)
	at org.scalatest.SuperEngine$$anonfun$traverseSubNodes$1$1.apply(Engine.scala:401)
	at scala.collection.immutable.List.foreach(List.scala:392)
	at org.scalatest.SuperEngine.traverseSubNodes$1(Engine.scala:401)
	at org.scalatest.SuperEngine.org$scalatest$SuperEngine$$runTestsInBranch(Engine.scala:396)
	at org.scalatest.SuperEngine.runTestsImpl(Engine.scala:483)
	at org.scalatest.FunSuiteLike$class.runTests(FunSuiteLike.scala:208)
	at org.scalatest.FunSuite.runTests(FunSuite.scala:1555)
	at org.scalatest.Suite$class.run(Suite.scala:1424)
	at org.scalatest.FunSuite.org$scalatest$FunSuiteLike$$super$run(FunSuite.scala:1555)
	at org.scalatest.FunSuiteLike$$anonfun$run$1.apply(FunSuiteLike.scala:212)
	at org.scalatest.FunSuiteLike$$anonfun$run$1.apply(FunSuiteLike.scala:212)
	at org.scalatest.SuperEngine.runImpl(Engine.scala:545)
	at org.scalatest.FunSuiteLike$class.run(FunSuiteLike.scala:212)
	at org.scalatest.FunSuite.run(FunSuite.scala:1555)
	at org.scalatest.tools.Framework.org$scalatest$tools$Framework$$runSuite(Framework.scala:462)
	at org.scalatest.tools.Framework$ScalaTestTask.execute(Framework.scala:671)
	at sbt.ForkMain$Run.lambda$runTest$1(ForkMain.java:304)
	at java.util.concurrent.FutureTask.run(FutureTask.java:266)
	at java.util.concurrent.ThreadPoolExecutor.runWorker(ThreadPoolExecutor.java:1149)
	at java.util.concurrent.ThreadPoolExecutor$Worker.run(ThreadPoolExecutor.java:624)
	at java.lang.Thread.run(Thread.java:748)
</failure>
                                               </testcase><testcase classname="spinal.tester.scalatest.SpinalSimMiscTester" name="verilator_testCompInWhen" time="0.092">
                                                 <failure message="java.lang.AssertionError: assertion failed: Verilator invocation failed" type="sbt.ForkMain$ForkError">sbt.ForkMain$ForkError: java.lang.AssertionError: assertion failed: Verilator invocation failed
	at scala.Predef$.assert(Predef.scala:170)
	at spinal.sim.VerilatorBackend.compileVerilator(VerilatorBackend.scala:475)
	at spinal.sim.VerilatorBackend.&lt;init&gt;(VerilatorBackend.scala:542)
	at spinal.core.sim.SpinalVerilatorBackend$.apply(SimBootstraps.scala:135)
	at spinal.core.sim.SpinalSimConfig.compile(SimBootstraps.scala:625)
	at spinal.core.sim.SpinalSimConfig.compile(SimBootstraps.scala:588)
	at spinal.tester.scalatest.SpinalSimMiscTester$$anonfun$5$$anonfun$apply$26$$anonfun$apply$19.apply$mcV$sp(SpinalSimMiscTester.scala:316)
	at spinal.tester.scalatest.SpinalSimMiscTester$$anonfun$5$$anonfun$apply$26$$anonfun$apply$19.apply(SpinalSimMiscTester.scala:325)
	at spinal.tester.scalatest.SpinalSimMiscTester$$anonfun$5$$anonfun$apply$26$$anonfun$apply$19.apply(SpinalSimMiscTester.scala:325)
	at org.scalatest.Transformer$$anonfun$apply$1.apply$mcV$sp(Transformer.scala:22)
	at org.scalatest.OutcomeOf$class.outcomeOf(OutcomeOf.scala:85)
	at org.scalatest.OutcomeOf$.outcomeOf(OutcomeOf.scala:104)
	at org.scalatest.Transformer.apply(Transformer.scala:22)
	at org.scalatest.Transformer.apply(Transformer.scala:20)
	at org.scalatest.FunSuiteLike$$anon$1.apply(FunSuiteLike.scala:166)
	at org.scalatest.Suite$class.withFixture(Suite.scala:1122)
	at org.scalatest.FunSuite.withFixture(FunSuite.scala:1555)
	at org.scalatest.FunSuiteLike$class.invokeWithFixture$1(FunSuiteLike.scala:163)
	at org.scalatest.FunSuiteLike$$anonfun$runTest$1.apply(FunSuiteLike.scala:175)
	at org.scalatest.FunSuiteLike$$anonfun$runTest$1.apply(FunSuiteLike.scala:175)
	at org.scalatest.SuperEngine.runTestImpl(Engine.scala:306)
	at org.scalatest.FunSuiteLike$class.runTest(FunSuiteLike.scala:175)
	at org.scalatest.FunSuite.runTest(FunSuite.scala:1555)
	at org.scalatest.FunSuiteLike$$anonfun$runTests$1.apply(FunSuiteLike.scala:208)
	at org.scalatest.FunSuiteLike$$anonfun$runTests$1.apply(FunSuiteLike.scala:208)
	at org.scalatest.SuperEngine$$anonfun$traverseSubNodes$1$1.apply(Engine.scala:413)
	at org.scalatest.SuperEngine$$anonfun$traverseSubNodes$1$1.apply(Engine.scala:401)
	at scala.collection.immutable.List.foreach(List.scala:392)
	at org.scalatest.SuperEngine.traverseSubNodes$1(Engine.scala:401)
	at org.scalatest.SuperEngine.org$scalatest$SuperEngine$$runTestsInBranch(Engine.scala:396)
	at org.scalatest.SuperEngine.runTestsImpl(Engine.scala:483)
	at org.scalatest.FunSuiteLike$class.runTests(FunSuiteLike.scala:208)
	at org.scalatest.FunSuite.runTests(FunSuite.scala:1555)
	at org.scalatest.Suite$class.run(Suite.scala:1424)
	at org.scalatest.FunSuite.org$scalatest$FunSuiteLike$$super$run(FunSuite.scala:1555)
	at org.scalatest.FunSuiteLike$$anonfun$run$1.apply(FunSuiteLike.scala:212)
	at org.scalatest.FunSuiteLike$$anonfun$run$1.apply(FunSuiteLike.scala:212)
	at org.scalatest.SuperEngine.runImpl(Engine.scala:545)
	at org.scalatest.FunSuiteLike$class.run(FunSuiteLike.scala:212)
	at org.scalatest.FunSuite.run(FunSuite.scala:1555)
	at org.scalatest.tools.Framework.org$scalatest$tools$Framework$$runSuite(Framework.scala:462)
	at org.scalatest.tools.Framework$ScalaTestTask.execute(Framework.scala:671)
	at sbt.ForkMain$Run.lambda$runTest$1(ForkMain.java:304)
	at java.util.concurrent.FutureTask.run(FutureTask.java:266)
	at java.util.concurrent.ThreadPoolExecutor.runWorker(ThreadPoolExecutor.java:1149)
	at java.util.concurrent.ThreadPoolExecutor$Worker.run(ThreadPoolExecutor.java:624)
	at java.lang.Thread.run(Thread.java:748)
</failure>
                                               </testcase><testcase classname="spinal.tester.scalatest.SpinalSimMiscTester" name="verilator_NonBB" time="0.124">
                                                 <failure message="java.lang.AssertionError: assertion failed: Verilator invocation failed" type="sbt.ForkMain$ForkError">sbt.ForkMain$ForkError: java.lang.AssertionError: assertion failed: Verilator invocation failed
	at scala.Predef$.assert(Predef.scala:170)
	at spinal.sim.VerilatorBackend.compileVerilator(VerilatorBackend.scala:475)
	at spinal.sim.VerilatorBackend.&lt;init&gt;(VerilatorBackend.scala:542)
	at spinal.core.sim.SpinalVerilatorBackend$.apply(SimBootstraps.scala:135)
	at spinal.core.sim.SpinalSimConfig.compile(SimBootstraps.scala:625)
	at spinal.core.sim.SpinalSimConfig.compile(SimBootstraps.scala:588)
	at spinal.tester.scalatest.SpinalSimMiscTester$$anonfun$5$$anonfun$apply$26$$anonfun$apply$21.apply$mcV$sp(SpinalSimMiscTester.scala:341)
	at spinal.tester.scalatest.SpinalSimMiscTester$$anonfun$5$$anonfun$apply$26$$anonfun$apply$21.apply(SpinalSimMiscTester.scala:354)
	at spinal.tester.scalatest.SpinalSimMiscTester$$anonfun$5$$anonfun$apply$26$$anonfun$apply$21.apply(SpinalSimMiscTester.scala:354)
	at org.scalatest.Transformer$$anonfun$apply$1.apply$mcV$sp(Transformer.scala:22)
	at org.scalatest.OutcomeOf$class.outcomeOf(OutcomeOf.scala:85)
	at org.scalatest.OutcomeOf$.outcomeOf(OutcomeOf.scala:104)
	at org.scalatest.Transformer.apply(Transformer.scala:22)
	at org.scalatest.Transformer.apply(Transformer.scala:20)
	at org.scalatest.FunSuiteLike$$anon$1.apply(FunSuiteLike.scala:166)
	at org.scalatest.Suite$class.withFixture(Suite.scala:1122)
	at org.scalatest.FunSuite.withFixture(FunSuite.scala:1555)
	at org.scalatest.FunSuiteLike$class.invokeWithFixture$1(FunSuiteLike.scala:163)
	at org.scalatest.FunSuiteLike$$anonfun$runTest$1.apply(FunSuiteLike.scala:175)
	at org.scalatest.FunSuiteLike$$anonfun$runTest$1.apply(FunSuiteLike.scala:175)
	at org.scalatest.SuperEngine.runTestImpl(Engine.scala:306)
	at org.scalatest.FunSuiteLike$class.runTest(FunSuiteLike.scala:175)
	at org.scalatest.FunSuite.runTest(FunSuite.scala:1555)
	at org.scalatest.FunSuiteLike$$anonfun$runTests$1.apply(FunSuiteLike.scala:208)
	at org.scalatest.FunSuiteLike$$anonfun$runTests$1.apply(FunSuiteLike.scala:208)
	at org.scalatest.SuperEngine$$anonfun$traverseSubNodes$1$1.apply(Engine.scala:413)
	at org.scalatest.SuperEngine$$anonfun$traverseSubNodes$1$1.apply(Engine.scala:401)
	at scala.collection.immutable.List.foreach(List.scala:392)
	at org.scalatest.SuperEngine.traverseSubNodes$1(Engine.scala:401)
	at org.scalatest.SuperEngine.org$scalatest$SuperEngine$$runTestsInBranch(Engine.scala:396)
	at org.scalatest.SuperEngine.runTestsImpl(Engine.scala:483)
	at org.scalatest.FunSuiteLike$class.runTests(FunSuiteLike.scala:208)
	at org.scalatest.FunSuite.runTests(FunSuite.scala:1555)
	at org.scalatest.Suite$class.run(Suite.scala:1424)
	at org.scalatest.FunSuite.org$scalatest$FunSuiteLike$$super$run(FunSuite.scala:1555)
	at org.scalatest.FunSuiteLike$$anonfun$run$1.apply(FunSuiteLike.scala:212)
	at org.scalatest.FunSuiteLike$$anonfun$run$1.apply(FunSuiteLike.scala:212)
	at org.scalatest.SuperEngine.runImpl(Engine.scala:545)
	at org.scalatest.FunSuiteLike$class.run(FunSuiteLike.scala:212)
	at org.scalatest.FunSuite.run(FunSuite.scala:1555)
	at org.scalatest.tools.Framework.org$scalatest$tools$Framework$$runSuite(Framework.scala:462)
	at org.scalatest.tools.Framework$ScalaTestTask.execute(Framework.scala:671)
	at sbt.ForkMain$Run.lambda$runTest$1(ForkMain.java:304)
	at java.util.concurrent.FutureTask.run(FutureTask.java:266)
	at java.util.concurrent.ThreadPoolExecutor.runWorker(ThreadPoolExecutor.java:1149)
	at java.util.concurrent.ThreadPoolExecutor$Worker.run(ThreadPoolExecutor.java:624)
	at java.lang.Thread.run(Thread.java:748)
</failure>
                                               </testcase><testcase classname="spinal.tester.scalatest.SpinalSimMiscTester" name="verilator_testCatchAssert" time="0.154">
                                                 <failure message="java.lang.AssertionError: assertion failed: Verilator invocation failed" type="sbt.ForkMain$ForkError">sbt.ForkMain$ForkError: java.lang.AssertionError: assertion failed: Verilator invocation failed
	at scala.Predef$.assert(Predef.scala:170)
	at spinal.sim.VerilatorBackend.compileVerilator(VerilatorBackend.scala:475)
	at spinal.sim.VerilatorBackend.&lt;init&gt;(VerilatorBackend.scala:542)
	at spinal.core.sim.SpinalVerilatorBackend$.apply(SimBootstraps.scala:135)
	at spinal.core.sim.SpinalSimConfig.compile(SimBootstraps.scala:625)
	at spinal.core.sim.SpinalSimConfig.compile(SimBootstraps.scala:588)
	at spinal.core.sim.SpinalSimConfig.doSim(SimBootstraps.scala:565)
	at spinal.tester.scalatest.SpinalSimMiscTester$$anonfun$5$$anonfun$apply$26$$anonfun$apply$23.apply$mcV$sp(SpinalSimMiscTester.scala:372)
	at spinal.tester.scalatest.SpinalSimMiscTester$$anonfun$5$$anonfun$apply$26$$anonfun$apply$23.apply(SpinalSimMiscTester.scala:365)
	at spinal.tester.scalatest.SpinalSimMiscTester$$anonfun$5$$anonfun$apply$26$$anonfun$apply$23.apply(SpinalSimMiscTester.scala:365)
	at org.scalatest.Transformer$$anonfun$apply$1.apply$mcV$sp(Transformer.scala:22)
	at org.scalatest.OutcomeOf$class.outcomeOf(OutcomeOf.scala:85)
	at org.scalatest.OutcomeOf$.outcomeOf(OutcomeOf.scala:104)
	at org.scalatest.Transformer.apply(Transformer.scala:22)
	at org.scalatest.Transformer.apply(Transformer.scala:20)
	at org.scalatest.FunSuiteLike$$anon$1.apply(FunSuiteLike.scala:166)
	at org.scalatest.Suite$class.withFixture(Suite.scala:1122)
	at org.scalatest.FunSuite.withFixture(FunSuite.scala:1555)
	at org.scalatest.FunSuiteLike$class.invokeWithFixture$1(FunSuiteLike.scala:163)
	at org.scalatest.FunSuiteLike$$anonfun$runTest$1.apply(FunSuiteLike.scala:175)
	at org.scalatest.FunSuiteLike$$anonfun$runTest$1.apply(FunSuiteLike.scala:175)
	at org.scalatest.SuperEngine.runTestImpl(Engine.scala:306)
	at org.scalatest.FunSuiteLike$class.runTest(FunSuiteLike.scala:175)
	at org.scalatest.FunSuite.runTest(FunSuite.scala:1555)
	at org.scalatest.FunSuiteLike$$anonfun$runTests$1.apply(FunSuiteLike.scala:208)
	at org.scalatest.FunSuiteLike$$anonfun$runTests$1.apply(FunSuiteLike.scala:208)
	at org.scalatest.SuperEngine$$anonfun$traverseSubNodes$1$1.apply(Engine.scala:413)
	at org.scalatest.SuperEngine$$anonfun$traverseSubNodes$1$1.apply(Engine.scala:401)
	at scala.collection.immutable.List.foreach(List.scala:392)
	at org.scalatest.SuperEngine.traverseSubNodes$1(Engine.scala:401)
	at org.scalatest.SuperEngine.org$scalatest$SuperEngine$$runTestsInBranch(Engine.scala:396)
	at org.scalatest.SuperEngine.runTestsImpl(Engine.scala:483)
	at org.scalatest.FunSuiteLike$class.runTests(FunSuiteLike.scala:208)
	at org.scalatest.FunSuite.runTests(FunSuite.scala:1555)
	at org.scalatest.Suite$class.run(Suite.scala:1424)
	at org.scalatest.FunSuite.org$scalatest$FunSuiteLike$$super$run(FunSuite.scala:1555)
	at org.scalatest.FunSuiteLike$$anonfun$run$1.apply(FunSuiteLike.scala:212)
	at org.scalatest.FunSuiteLike$$anonfun$run$1.apply(FunSuiteLike.scala:212)
	at org.scalatest.SuperEngine.runImpl(Engine.scala:545)
	at org.scalatest.FunSuiteLike$class.run(FunSuiteLike.scala:212)
	at org.scalatest.FunSuite.run(FunSuite.scala:1555)
	at org.scalatest.tools.Framework.org$scalatest$tools$Framework$$runSuite(Framework.scala:462)
	at org.scalatest.tools.Framework$ScalaTestTask.execute(Framework.scala:671)
	at sbt.ForkMain$Run.lambda$runTest$1(ForkMain.java:304)
	at java.util.concurrent.FutureTask.run(FutureTask.java:266)
	at java.util.concurrent.ThreadPoolExecutor.runWorker(ThreadPoolExecutor.java:1149)
	at java.util.concurrent.ThreadPoolExecutor$Worker.run(ThreadPoolExecutor.java:624)
	at java.lang.Thread.run(Thread.java:748)
</failure>
                                               </testcase><testcase classname="spinal.tester.scalatest.SpinalSimMiscTester" name="verilator_intLongBigInt" time="0.07">
                                                 <failure message="java.lang.AssertionError: assertion failed: Verilator invocation failed" type="sbt.ForkMain$ForkError">sbt.ForkMain$ForkError: java.lang.AssertionError: assertion failed: Verilator invocation failed
	at scala.Predef$.assert(Predef.scala:170)
	at spinal.sim.VerilatorBackend.compileVerilator(VerilatorBackend.scala:475)
	at spinal.sim.VerilatorBackend.&lt;init&gt;(VerilatorBackend.scala:542)
	at spinal.core.sim.SpinalVerilatorBackend$.apply(SimBootstraps.scala:135)
	at spinal.core.sim.SpinalSimConfig.compile(SimBootstraps.scala:625)
	at spinal.core.sim.SpinalSimConfig.compile(SimBootstraps.scala:588)
	at spinal.core.sim.SpinalSimConfig.doSim(SimBootstraps.scala:565)
	at spinal.tester.scalatest.SpinalSimMiscTester$$anonfun$5$$anonfun$apply$26$$anonfun$apply$24.apply$mcV$sp(SpinalSimMiscTester.scala:396)
	at spinal.tester.scalatest.SpinalSimMiscTester$$anonfun$5$$anonfun$apply$26$$anonfun$apply$24.apply(SpinalSimMiscTester.scala:396)
	at spinal.tester.scalatest.SpinalSimMiscTester$$anonfun$5$$anonfun$apply$26$$anonfun$apply$24.apply(SpinalSimMiscTester.scala:396)
	at org.scalatest.Transformer$$anonfun$apply$1.apply$mcV$sp(Transformer.scala:22)
	at org.scalatest.OutcomeOf$class.outcomeOf(OutcomeOf.scala:85)
	at org.scalatest.OutcomeOf$.outcomeOf(OutcomeOf.scala:104)
	at org.scalatest.Transformer.apply(Transformer.scala:22)
	at org.scalatest.Transformer.apply(Transformer.scala:20)
	at org.scalatest.FunSuiteLike$$anon$1.apply(FunSuiteLike.scala:166)
	at org.scalatest.Suite$class.withFixture(Suite.scala:1122)
	at org.scalatest.FunSuite.withFixture(FunSuite.scala:1555)
	at org.scalatest.FunSuiteLike$class.invokeWithFixture$1(FunSuiteLike.scala:163)
	at org.scalatest.FunSuiteLike$$anonfun$runTest$1.apply(FunSuiteLike.scala:175)
	at org.scalatest.FunSuiteLike$$anonfun$runTest$1.apply(FunSuiteLike.scala:175)
	at org.scalatest.SuperEngine.runTestImpl(Engine.scala:306)
	at org.scalatest.FunSuiteLike$class.runTest(FunSuiteLike.scala:175)
	at org.scalatest.FunSuite.runTest(FunSuite.scala:1555)
	at org.scalatest.FunSuiteLike$$anonfun$runTests$1.apply(FunSuiteLike.scala:208)
	at org.scalatest.FunSuiteLike$$anonfun$runTests$1.apply(FunSuiteLike.scala:208)
	at org.scalatest.SuperEngine$$anonfun$traverseSubNodes$1$1.apply(Engine.scala:413)
	at org.scalatest.SuperEngine$$anonfun$traverseSubNodes$1$1.apply(Engine.scala:401)
	at scala.collection.immutable.List.foreach(List.scala:392)
	at org.scalatest.SuperEngine.traverseSubNodes$1(Engine.scala:401)
	at org.scalatest.SuperEngine.org$scalatest$SuperEngine$$runTestsInBranch(Engine.scala:396)
	at org.scalatest.SuperEngine.runTestsImpl(Engine.scala:483)
	at org.scalatest.FunSuiteLike$class.runTests(FunSuiteLike.scala:208)
	at org.scalatest.FunSuite.runTests(FunSuite.scala:1555)
	at org.scalatest.Suite$class.run(Suite.scala:1424)
	at org.scalatest.FunSuite.org$scalatest$FunSuiteLike$$super$run(FunSuite.scala:1555)
	at org.scalatest.FunSuiteLike$$anonfun$run$1.apply(FunSuiteLike.scala:212)
	at org.scalatest.FunSuiteLike$$anonfun$run$1.apply(FunSuiteLike.scala:212)
	at org.scalatest.SuperEngine.runImpl(Engine.scala:545)
	at org.scalatest.FunSuiteLike$class.run(FunSuiteLike.scala:212)
	at org.scalatest.FunSuite.run(FunSuite.scala:1555)
	at org.scalatest.tools.Framework.org$scalatest$tools$Framework$$runSuite(Framework.scala:462)
	at org.scalatest.tools.Framework$ScalaTestTask.execute(Framework.scala:671)
	at sbt.ForkMain$Run.lambda$runTest$1(ForkMain.java:304)
	at java.util.concurrent.FutureTask.run(FutureTask.java:266)
	at java.util.concurrent.ThreadPoolExecutor.runWorker(ThreadPoolExecutor.java:1149)
	at java.util.concurrent.ThreadPoolExecutor$Worker.run(ThreadPoolExecutor.java:624)
	at java.lang.Thread.run(Thread.java:748)
</failure>
                                               </testcase>
                     <system-out><![CDATA[]]></system-out>
                     <system-err><![CDATA[]]></system-err>
                   </testsuite>